INFO - 2024-08-28 06:15:12 --> Session: Class initialized using 'CodeIgniter\Session\Handlers\FileHandler' driver.
WARNING - 2024-08-28 06:15:28 --> [DEPRECATED] Creation of dynamic property App\Controllers\Auth::$ModelAuth is deprecated in APPPATH\Controllers\Auth.php on line 12.
 1 SYSTEMPATH\CodeIgniter.php(903): App\Controllers\Auth->__construct()
 2 SYSTEMPATH\CodeIgniter.php(500): CodeIgniter\CodeIgniter->createController()
 3 SYSTEMPATH\CodeIgniter.php(355): CodeIgniter\CodeIgniter->handleRequest(null, Object(Config\Cache), false)
 4 SYSTEMPATH\Boot.php(325): CodeIgniter\CodeIgniter->run()
 5 SYSTEMPATH\Boot.php(67): CodeIgniter\Boot::runCodeIgniter(Object(CodeIgniter\CodeIgniter))
 6 FCPATH\index.php(56): CodeIgniter\Boot::bootWeb(Object(Config\Paths))
 7 SYSTEMPATH\rewrite.php(44): require_once('C:\\xampp\\htdocs\\siakad_CI4\\public\\index.php')
INFO - 2024-08-28 06:15:29 --> Session: Class initialized using 'CodeIgniter\Session\Handlers\FileHandler' driver.
WARNING - 2024-08-28 06:15:53 --> [DEPRECATED] Creation of dynamic property App\Controllers\Auth::$ModelAuth is deprecated in APPPATH\Controllers\Auth.php on line 12.
 1 SYSTEMPATH\CodeIgniter.php(903): App\Controllers\Auth->__construct()
 2 SYSTEMPATH\CodeIgniter.php(500): CodeIgniter\CodeIgniter->createController()
 3 SYSTEMPATH\CodeIgniter.php(355): CodeIgniter\CodeIgniter->handleRequest(null, Object(Config\Cache), false)
 4 SYSTEMPATH\Boot.php(325): CodeIgniter\CodeIgniter->run()
 5 SYSTEMPATH\Boot.php(67): CodeIgniter\Boot::runCodeIgniter(Object(CodeIgniter\CodeIgniter))
 6 FCPATH\index.php(56): CodeIgniter\Boot::bootWeb(Object(Config\Paths))
 7 SYSTEMPATH\rewrite.php(44): require_once('C:\\xampp\\htdocs\\siakad_CI4\\public\\index.php')
INFO - 2024-08-28 06:15:55 --> Session: Class initialized using 'CodeIgniter\Session\Handlers\FileHandler' driver.
INFO - 2024-08-28 06:15:55 --> Session: Class initialized using 'CodeIgniter\Session\Handlers\FileHandler' driver.
INFO - 2024-08-28 06:16:05 --> Session: Class initialized using 'CodeIgniter\Session\Handlers\FileHandler' driver.
WARNING - 2024-08-28 06:16:05 --> [DEPRECATED] Creation of dynamic property App\Controllers\DataSiswa::$ModelDataSiswa is deprecated in APPPATH\Controllers\DataSiswa.php on line 11.
 1 SYSTEMPATH\CodeIgniter.php(903): App\Controllers\DataSiswa->__construct()
 2 SYSTEMPATH\CodeIgniter.php(500): CodeIgniter\CodeIgniter->createController()
 3 SYSTEMPATH\CodeIgniter.php(355): CodeIgniter\CodeIgniter->handleRequest(null, Object(Config\Cache), false)
 4 SYSTEMPATH\Boot.php(325): CodeIgniter\CodeIgniter->run()
 5 SYSTEMPATH\Boot.php(67): CodeIgniter\Boot::runCodeIgniter(Object(CodeIgniter\CodeIgniter))
 6 FCPATH\index.php(56): CodeIgniter\Boot::bootWeb(Object(Config\Paths))
 7 SYSTEMPATH\rewrite.php(44): require_once('C:\\xampp\\htdocs\\siakad_CI4\\public\\index.php')
INFO - 2024-08-28 06:16:34 --> Session: Class initialized using 'CodeIgniter\Session\Handlers\FileHandler' driver.
INFO - 2024-08-28 06:16:38 --> Session: Class initialized using 'CodeIgniter\Session\Handlers\FileHandler' driver.
WARNING - 2024-08-28 06:16:38 --> [DEPRECATED] Creation of dynamic property App\Controllers\DataSiswa::$ModelDataSiswa is deprecated in APPPATH\Controllers\DataSiswa.php on line 11.
 1 SYSTEMPATH\CodeIgniter.php(903): App\Controllers\DataSiswa->__construct()
 2 SYSTEMPATH\CodeIgniter.php(500): CodeIgniter\CodeIgniter->createController()
 3 SYSTEMPATH\CodeIgniter.php(355): CodeIgniter\CodeIgniter->handleRequest(null, Object(Config\Cache), false)
 4 SYSTEMPATH\Boot.php(325): CodeIgniter\CodeIgniter->run()
 5 SYSTEMPATH\Boot.php(67): CodeIgniter\Boot::runCodeIgniter(Object(CodeIgniter\CodeIgniter))
 6 FCPATH\index.php(56): CodeIgniter\Boot::bootWeb(Object(Config\Paths))
 7 SYSTEMPATH\rewrite.php(44): require_once('C:\\xampp\\htdocs\\siakad_CI4\\public\\index.php')
INFO - 2024-08-28 06:16:58 --> Session: Class initialized using 'CodeIgniter\Session\Handlers\FileHandler' driver.
INFO - 2024-08-28 06:17:00 --> Session: Class initialized using 'CodeIgniter\Session\Handlers\FileHandler' driver.
WARNING - 2024-08-28 06:17:00 --> [DEPRECATED] Creation of dynamic property App\Controllers\DataSiswa::$ModelDataSiswa is deprecated in APPPATH\Controllers\DataSiswa.php on line 11.
 1 SYSTEMPATH\CodeIgniter.php(903): App\Controllers\DataSiswa->__construct()
 2 SYSTEMPATH\CodeIgniter.php(500): CodeIgniter\CodeIgniter->createController()
 3 SYSTEMPATH\CodeIgniter.php(355): CodeIgniter\CodeIgniter->handleRequest(null, Object(Config\Cache), false)
 4 SYSTEMPATH\Boot.php(325): CodeIgniter\CodeIgniter->run()
 5 SYSTEMPATH\Boot.php(67): CodeIgniter\Boot::runCodeIgniter(Object(CodeIgniter\CodeIgniter))
 6 FCPATH\index.php(56): CodeIgniter\Boot::bootWeb(Object(Config\Paths))
 7 SYSTEMPATH\rewrite.php(44): require_once('C:\\xampp\\htdocs\\siakad_CI4\\public\\index.php')
INFO - 2024-08-28 06:17:08 --> Session: Class initialized using 'CodeIgniter\Session\Handlers\FileHandler' driver.
INFO - 2024-08-28 06:17:11 --> Session: Class initialized using 'CodeIgniter\Session\Handlers\FileHandler' driver.
WARNING - 2024-08-28 06:17:11 --> [DEPRECATED] Creation of dynamic property App\Controllers\DataSiswa::$ModelDataSiswa is deprecated in APPPATH\Controllers\DataSiswa.php on line 11.
 1 SYSTEMPATH\CodeIgniter.php(903): App\Controllers\DataSiswa->__construct()
 2 SYSTEMPATH\CodeIgniter.php(500): CodeIgniter\CodeIgniter->createController()
 3 SYSTEMPATH\CodeIgniter.php(355): CodeIgniter\CodeIgniter->handleRequest(null, Object(Config\Cache), false)
 4 SYSTEMPATH\Boot.php(325): CodeIgniter\CodeIgniter->run()
 5 SYSTEMPATH\Boot.php(67): CodeIgniter\Boot::runCodeIgniter(Object(CodeIgniter\CodeIgniter))
 6 FCPATH\index.php(56): CodeIgniter\Boot::bootWeb(Object(Config\Paths))
 7 SYSTEMPATH\rewrite.php(44): require_once('C:\\xampp\\htdocs\\siakad_CI4\\public\\index.php')
INFO - 2024-08-28 06:17:13 --> Session: Class initialized using 'CodeIgniter\Session\Handlers\FileHandler' driver.
INFO - 2024-08-28 06:17:16 --> Session: Class initialized using 'CodeIgniter\Session\Handlers\FileHandler' driver.
WARNING - 2024-08-28 06:17:16 --> [DEPRECATED] Creation of dynamic property App\Controllers\DataSiswa::$ModelDataSiswa is deprecated in APPPATH\Controllers\DataSiswa.php on line 11.
 1 SYSTEMPATH\CodeIgniter.php(903): App\Controllers\DataSiswa->__construct()
 2 SYSTEMPATH\CodeIgniter.php(500): CodeIgniter\CodeIgniter->createController()
 3 SYSTEMPATH\CodeIgniter.php(355): CodeIgniter\CodeIgniter->handleRequest(null, Object(Config\Cache), false)
 4 SYSTEMPATH\Boot.php(325): CodeIgniter\CodeIgniter->run()
 5 SYSTEMPATH\Boot.php(67): CodeIgniter\Boot::runCodeIgniter(Object(CodeIgniter\CodeIgniter))
 6 FCPATH\index.php(56): CodeIgniter\Boot::bootWeb(Object(Config\Paths))
 7 SYSTEMPATH\rewrite.php(44): require_once('C:\\xampp\\htdocs\\siakad_CI4\\public\\index.php')
INFO - 2024-08-28 06:24:01 --> Session: Class initialized using 'CodeIgniter\Session\Handlers\FileHandler' driver.
WARNING - 2024-08-28 06:24:01 --> [DEPRECATED] Creation of dynamic property App\Controllers\DataSiswa::$ModelDataSiswa is deprecated in APPPATH\Controllers\DataSiswa.php on line 11.
 1 SYSTEMPATH\CodeIgniter.php(903): App\Controllers\DataSiswa->__construct()
 2 SYSTEMPATH\CodeIgniter.php(500): CodeIgniter\CodeIgniter->createController()
 3 SYSTEMPATH\CodeIgniter.php(355): CodeIgniter\CodeIgniter->handleRequest(null, Object(Config\Cache), false)
 4 SYSTEMPATH\Boot.php(325): CodeIgniter\CodeIgniter->run()
 5 SYSTEMPATH\Boot.php(67): CodeIgniter\Boot::runCodeIgniter(Object(CodeIgniter\CodeIgniter))
 6 FCPATH\index.php(56): CodeIgniter\Boot::bootWeb(Object(Config\Paths))
 7 SYSTEMPATH\rewrite.php(44): require_once('C:\\xampp\\htdocs\\siakad_CI4\\public\\index.php')
INFO - 2024-08-28 06:26:14 --> Session: Class initialized using 'CodeIgniter\Session\Handlers\FileHandler' driver.
WARNING - 2024-08-28 06:26:14 --> [DEPRECATED] Creation of dynamic property App\Controllers\DataSiswa::$ModelDataSiswa is deprecated in APPPATH\Controllers\DataSiswa.php on line 11.
 1 SYSTEMPATH\CodeIgniter.php(903): App\Controllers\DataSiswa->__construct()
 2 SYSTEMPATH\CodeIgniter.php(500): CodeIgniter\CodeIgniter->createController()
 3 SYSTEMPATH\CodeIgniter.php(355): CodeIgniter\CodeIgniter->handleRequest(null, Object(Config\Cache), false)
 4 SYSTEMPATH\Boot.php(325): CodeIgniter\CodeIgniter->run()
 5 SYSTEMPATH\Boot.php(67): CodeIgniter\Boot::runCodeIgniter(Object(CodeIgniter\CodeIgniter))
 6 FCPATH\index.php(56): CodeIgniter\Boot::bootWeb(Object(Config\Paths))
 7 SYSTEMPATH\rewrite.php(44): require_once('C:\\xampp\\htdocs\\siakad_CI4\\public\\index.php')
INFO - 2024-08-28 06:38:48 --> Session: Class initialized using 'CodeIgniter\Session\Handlers\FileHandler' driver.
WARNING - 2024-08-28 06:38:49 --> [DEPRECATED] Creation of dynamic property App\Controllers\DataSiswa::$ModelDataSiswa is deprecated in APPPATH\Controllers\DataSiswa.php on line 11.
 1 SYSTEMPATH\CodeIgniter.php(903): App\Controllers\DataSiswa->__construct()
 2 SYSTEMPATH\CodeIgniter.php(500): CodeIgniter\CodeIgniter->createController()
 3 SYSTEMPATH\CodeIgniter.php(355): CodeIgniter\CodeIgniter->handleRequest(null, Object(Config\Cache), false)
 4 SYSTEMPATH\Boot.php(325): CodeIgniter\CodeIgniter->run()
 5 SYSTEMPATH\Boot.php(67): CodeIgniter\Boot::runCodeIgniter(Object(CodeIgniter\CodeIgniter))
 6 FCPATH\index.php(56): CodeIgniter\Boot::bootWeb(Object(Config\Paths))
 7 SYSTEMPATH\rewrite.php(44): require_once('C:\\xampp\\htdocs\\siakad_CI4\\public\\index.php')
INFO - 2024-08-28 06:39:39 --> Session: Class initialized using 'CodeIgniter\Session\Handlers\FileHandler' driver.
INFO - 2024-08-28 06:39:40 --> Session: Class initialized using 'CodeIgniter\Session\Handlers\FileHandler' driver.
INFO - 2024-08-28 06:39:50 --> Session: Class initialized using 'CodeIgniter\Session\Handlers\FileHandler' driver.
WARNING - 2024-08-28 06:39:50 --> [DEPRECATED] Creation of dynamic property App\Controllers\DataSiswa::$ModelDataSiswa is deprecated in APPPATH\Controllers\DataSiswa.php on line 11.
 1 SYSTEMPATH\CodeIgniter.php(903): App\Controllers\DataSiswa->__construct()
 2 SYSTEMPATH\CodeIgniter.php(500): CodeIgniter\CodeIgniter->createController()
 3 SYSTEMPATH\CodeIgniter.php(355): CodeIgniter\CodeIgniter->handleRequest(null, Object(Config\Cache), false)
 4 SYSTEMPATH\Boot.php(325): CodeIgniter\CodeIgniter->run()
 5 SYSTEMPATH\Boot.php(67): CodeIgniter\Boot::runCodeIgniter(Object(CodeIgniter\CodeIgniter))
 6 FCPATH\index.php(56): CodeIgniter\Boot::bootWeb(Object(Config\Paths))
 7 SYSTEMPATH\rewrite.php(44): require_once('C:\\xampp\\htdocs\\siakad_CI4\\public\\index.php')
INFO - 2024-08-28 06:43:02 --> Session: Class initialized using 'CodeIgniter\Session\Handlers\FileHandler' driver.
WARNING - 2024-08-28 06:43:02 --> [DEPRECATED] Creation of dynamic property App\Controllers\DataSiswa::$ModelDataSiswa is deprecated in APPPATH\Controllers\DataSiswa.php on line 11.
 1 SYSTEMPATH\CodeIgniter.php(903): App\Controllers\DataSiswa->__construct()
 2 SYSTEMPATH\CodeIgniter.php(500): CodeIgniter\CodeIgniter->createController()
 3 SYSTEMPATH\CodeIgniter.php(355): CodeIgniter\CodeIgniter->handleRequest(null, Object(Config\Cache), false)
 4 SYSTEMPATH\Boot.php(325): CodeIgniter\CodeIgniter->run()
 5 SYSTEMPATH\Boot.php(67): CodeIgniter\Boot::runCodeIgniter(Object(CodeIgniter\CodeIgniter))
 6 FCPATH\index.php(56): CodeIgniter\Boot::bootWeb(Object(Config\Paths))
 7 SYSTEMPATH\rewrite.php(44): require_once('C:\\xampp\\htdocs\\siakad_CI4\\public\\index.php')
CRITICAL - 2024-08-28 06:43:03 --> CodeIgniter\View\Exceptions\ViewException: Invalid file: "layout/v_datasiswa.php"
[Method: GET, Route: data%20siswa]
in SYSTEMPATH\Exceptions\FrameworkException.php on line 41.
 1 SYSTEMPATH\View\View.php(222): CodeIgniter\Exceptions\FrameworkException::forInvalidFile('layout/v_datasiswa.php')
 2 SYSTEMPATH\Common.php(1169): CodeIgniter\View\View->render('layout/v_datasiswa', [], true)
 3 APPPATH\Views\layout\v_wrapper.php(8): view('layout/v_datasiswa')
 4 SYSTEMPATH\View\View.php(234): include('C:\\xampp\\htdocs\\siakad_CI4\\app\\Views\\layout\\v_wrapper.php')
 5 SYSTEMPATH\View\View.php(237): CodeIgniter\View\View->CodeIgniter\View\{closure}()
 6 SYSTEMPATH\Common.php(1169): CodeIgniter\View\View->render('layout/v_wrapper', [], true)
 7 APPPATH\Controllers\DataSiswa.php(21): view('layout/v_wrapper', [...])
 8 SYSTEMPATH\CodeIgniter.php(933): App\Controllers\DataSiswa->index()
 9 SYSTEMPATH\CodeIgniter.php(509): CodeIgniter\CodeIgniter->runController(Object(App\Controllers\DataSiswa))
10 SYSTEMPATH\CodeIgniter.php(355): CodeIgniter\CodeIgniter->handleRequest(null, Object(Config\Cache), false)
11 SYSTEMPATH\Boot.php(325): CodeIgniter\CodeIgniter->run()
12 SYSTEMPATH\Boot.php(67): CodeIgniter\Boot::runCodeIgniter(Object(CodeIgniter\CodeIgniter))
13 FCPATH\index.php(56): CodeIgniter\Boot::bootWeb(Object(Config\Paths))
14 SYSTEMPATH\rewrite.php(44): require_once('C:\\xampp\\htdocs\\siakad_CI4\\public\\index.php')
INFO - 2024-08-28 06:43:33 --> Session: Class initialized using 'CodeIgniter\Session\Handlers\FileHandler' driver.
WARNING - 2024-08-28 06:43:33 --> [DEPRECATED] Creation of dynamic property App\Controllers\DataSiswa::$ModelDataSiswa is deprecated in APPPATH\Controllers\DataSiswa.php on line 11.
 1 SYSTEMPATH\CodeIgniter.php(903): App\Controllers\DataSiswa->__construct()
 2 SYSTEMPATH\CodeIgniter.php(500): CodeIgniter\CodeIgniter->createController()
 3 SYSTEMPATH\CodeIgniter.php(355): CodeIgniter\CodeIgniter->handleRequest(null, Object(Config\Cache), false)
 4 SYSTEMPATH\Boot.php(325): CodeIgniter\CodeIgniter->run()
 5 SYSTEMPATH\Boot.php(67): CodeIgniter\Boot::runCodeIgniter(Object(CodeIgniter\CodeIgniter))
 6 FCPATH\index.php(56): CodeIgniter\Boot::bootWeb(Object(Config\Paths))
 7 SYSTEMPATH\rewrite.php(44): require_once('C:\\xampp\\htdocs\\siakad_CI4\\public\\index.php')
INFO - 2024-08-28 06:50:13 --> Session: Class initialized using 'CodeIgniter\Session\Handlers\FileHandler' driver.
WARNING - 2024-08-28 06:50:13 --> [DEPRECATED] Creation of dynamic property App\Controllers\DataSiswa::$ModelDataSiswa is deprecated in APPPATH\Controllers\DataSiswa.php on line 11.
 1 SYSTEMPATH\CodeIgniter.php(903): App\Controllers\DataSiswa->__construct()
 2 SYSTEMPATH\CodeIgniter.php(500): CodeIgniter\CodeIgniter->createController()
 3 SYSTEMPATH\CodeIgniter.php(355): CodeIgniter\CodeIgniter->handleRequest(null, Object(Config\Cache), false)
 4 SYSTEMPATH\Boot.php(325): CodeIgniter\CodeIgniter->run()
 5 SYSTEMPATH\Boot.php(67): CodeIgniter\Boot::runCodeIgniter(Object(CodeIgniter\CodeIgniter))
 6 FCPATH\index.php(56): CodeIgniter\Boot::bootWeb(Object(Config\Paths))
 7 SYSTEMPATH\rewrite.php(44): require_once('C:\\xampp\\htdocs\\siakad_CI4\\public\\index.php')
INFO - 2024-08-28 06:51:36 --> Session: Class initialized using 'CodeIgniter\Session\Handlers\FileHandler' driver.
WARNING - 2024-08-28 06:51:36 --> [DEPRECATED] Creation of dynamic property App\Controllers\DataSiswa::$ModelDataSiswa is deprecated in APPPATH\Controllers\DataSiswa.php on line 11.
 1 SYSTEMPATH\CodeIgniter.php(903): App\Controllers\DataSiswa->__construct()
 2 SYSTEMPATH\CodeIgniter.php(500): CodeIgniter\CodeIgniter->createController()
 3 SYSTEMPATH\CodeIgniter.php(355): CodeIgniter\CodeIgniter->handleRequest(null, Object(Config\Cache), false)
 4 SYSTEMPATH\Boot.php(325): CodeIgniter\CodeIgniter->run()
 5 SYSTEMPATH\Boot.php(67): CodeIgniter\Boot::runCodeIgniter(Object(CodeIgniter\CodeIgniter))
 6 FCPATH\index.php(56): CodeIgniter\Boot::bootWeb(Object(Config\Paths))
 7 SYSTEMPATH\rewrite.php(44): require_once('C:\\xampp\\htdocs\\siakad_CI4\\public\\index.php')
INFO - 2024-08-28 06:59:15 --> Session: Class initialized using 'CodeIgniter\Session\Handlers\FileHandler' driver.
WARNING - 2024-08-28 06:59:16 --> [DEPRECATED] Creation of dynamic property App\Controllers\DataSiswa::$ModelDataSiswa is deprecated in APPPATH\Controllers\DataSiswa.php on line 11.
 1 SYSTEMPATH\CodeIgniter.php(903): App\Controllers\DataSiswa->__construct()
 2 SYSTEMPATH\CodeIgniter.php(500): CodeIgniter\CodeIgniter->createController()
 3 SYSTEMPATH\CodeIgniter.php(355): CodeIgniter\CodeIgniter->handleRequest(null, Object(Config\Cache), false)
 4 SYSTEMPATH\Boot.php(325): CodeIgniter\CodeIgniter->run()
 5 SYSTEMPATH\Boot.php(67): CodeIgniter\Boot::runCodeIgniter(Object(CodeIgniter\CodeIgniter))
 6 FCPATH\index.php(56): CodeIgniter\Boot::bootWeb(Object(Config\Paths))
 7 SYSTEMPATH\rewrite.php(44): require_once('C:\\xampp\\htdocs\\siakad_CI4\\public\\index.php')
INFO - 2024-08-28 07:06:42 --> Session: Class initialized using 'CodeIgniter\Session\Handlers\FileHandler' driver.
WARNING - 2024-08-28 07:06:43 --> [DEPRECATED] Creation of dynamic property App\Controllers\DataSiswa::$ModelDataSiswa is deprecated in APPPATH\Controllers\DataSiswa.php on line 11.
 1 SYSTEMPATH\CodeIgniter.php(903): App\Controllers\DataSiswa->__construct()
 2 SYSTEMPATH\CodeIgniter.php(500): CodeIgniter\CodeIgniter->createController()
 3 SYSTEMPATH\CodeIgniter.php(355): CodeIgniter\CodeIgniter->handleRequest(null, Object(Config\Cache), false)
 4 SYSTEMPATH\Boot.php(325): CodeIgniter\CodeIgniter->run()
 5 SYSTEMPATH\Boot.php(67): CodeIgniter\Boot::runCodeIgniter(Object(CodeIgniter\CodeIgniter))
 6 FCPATH\index.php(56): CodeIgniter\Boot::bootWeb(Object(Config\Paths))
 7 SYSTEMPATH\rewrite.php(44): require_once('C:\\xampp\\htdocs\\siakad_CI4\\public\\index.php')
INFO - 2024-08-28 07:09:37 --> Session: Class initialized using 'CodeIgniter\Session\Handlers\FileHandler' driver.
WARNING - 2024-08-28 07:09:37 --> [DEPRECATED] Creation of dynamic property App\Controllers\DataSiswa::$ModelDataSiswa is deprecated in APPPATH\Controllers\DataSiswa.php on line 11.
 1 SYSTEMPATH\CodeIgniter.php(903): App\Controllers\DataSiswa->__construct()
 2 SYSTEMPATH\CodeIgniter.php(500): CodeIgniter\CodeIgniter->createController()
 3 SYSTEMPATH\CodeIgniter.php(355): CodeIgniter\CodeIgniter->handleRequest(null, Object(Config\Cache), false)
 4 SYSTEMPATH\Boot.php(325): CodeIgniter\CodeIgniter->run()
 5 SYSTEMPATH\Boot.php(67): CodeIgniter\Boot::runCodeIgniter(Object(CodeIgniter\CodeIgniter))
 6 FCPATH\index.php(56): CodeIgniter\Boot::bootWeb(Object(Config\Paths))
 7 SYSTEMPATH\rewrite.php(44): require_once('C:\\xampp\\htdocs\\siakad_CI4\\public\\index.php')
INFO - 2024-08-28 07:12:55 --> Session: Class initialized using 'CodeIgniter\Session\Handlers\FileHandler' driver.
WARNING - 2024-08-28 07:12:55 --> [DEPRECATED] Creation of dynamic property App\Controllers\DataSiswa::$ModelDataSiswa is deprecated in APPPATH\Controllers\DataSiswa.php on line 11.
 1 SYSTEMPATH\CodeIgniter.php(903): App\Controllers\DataSiswa->__construct()
 2 SYSTEMPATH\CodeIgniter.php(500): CodeIgniter\CodeIgniter->createController()
 3 SYSTEMPATH\CodeIgniter.php(355): CodeIgniter\CodeIgniter->handleRequest(null, Object(Config\Cache), false)
 4 SYSTEMPATH\Boot.php(325): CodeIgniter\CodeIgniter->run()
 5 SYSTEMPATH\Boot.php(67): CodeIgniter\Boot::runCodeIgniter(Object(CodeIgniter\CodeIgniter))
 6 FCPATH\index.php(56): CodeIgniter\Boot::bootWeb(Object(Config\Paths))
 7 SYSTEMPATH\rewrite.php(44): require_once('C:\\xampp\\htdocs\\siakad_CI4\\public\\index.php')
INFO - 2024-08-28 07:14:01 --> Session: Class initialized using 'CodeIgniter\Session\Handlers\FileHandler' driver.
WARNING - 2024-08-28 07:14:01 --> [DEPRECATED] Creation of dynamic property App\Controllers\DataSiswa::$ModelDataSiswa is deprecated in APPPATH\Controllers\DataSiswa.php on line 11.
 1 SYSTEMPATH\CodeIgniter.php(903): App\Controllers\DataSiswa->__construct()
 2 SYSTEMPATH\CodeIgniter.php(500): CodeIgniter\CodeIgniter->createController()
 3 SYSTEMPATH\CodeIgniter.php(355): CodeIgniter\CodeIgniter->handleRequest(null, Object(Config\Cache), false)
 4 SYSTEMPATH\Boot.php(325): CodeIgniter\CodeIgniter->run()
 5 SYSTEMPATH\Boot.php(67): CodeIgniter\Boot::runCodeIgniter(Object(CodeIgniter\CodeIgniter))
 6 FCPATH\index.php(56): CodeIgniter\Boot::bootWeb(Object(Config\Paths))
 7 SYSTEMPATH\rewrite.php(44): require_once('C:\\xampp\\htdocs\\siakad_CI4\\public\\index.php')
INFO - 2024-08-28 07:14:08 --> Session: Class initialized using 'CodeIgniter\Session\Handlers\FileHandler' driver.
INFO - 2024-08-28 07:14:11 --> Session: Class initialized using 'CodeIgniter\Session\Handlers\FileHandler' driver.
WARNING - 2024-08-28 07:14:11 --> [DEPRECATED] Creation of dynamic property App\Controllers\DataSiswa::$ModelDataSiswa is deprecated in APPPATH\Controllers\DataSiswa.php on line 11.
 1 SYSTEMPATH\CodeIgniter.php(903): App\Controllers\DataSiswa->__construct()
 2 SYSTEMPATH\CodeIgniter.php(500): CodeIgniter\CodeIgniter->createController()
 3 SYSTEMPATH\CodeIgniter.php(355): CodeIgniter\CodeIgniter->handleRequest(null, Object(Config\Cache), false)
 4 SYSTEMPATH\Boot.php(325): CodeIgniter\CodeIgniter->run()
 5 SYSTEMPATH\Boot.php(67): CodeIgniter\Boot::runCodeIgniter(Object(CodeIgniter\CodeIgniter))
 6 FCPATH\index.php(56): CodeIgniter\Boot::bootWeb(Object(Config\Paths))
 7 SYSTEMPATH\rewrite.php(44): require_once('C:\\xampp\\htdocs\\siakad_CI4\\public\\index.php')
INFO - 2024-08-28 07:14:32 --> Session: Class initialized using 'CodeIgniter\Session\Handlers\FileHandler' driver.
WARNING - 2024-08-28 07:14:32 --> [DEPRECATED] Creation of dynamic property App\Controllers\DataSiswa::$ModelDataSiswa is deprecated in APPPATH\Controllers\DataSiswa.php on line 11.
 1 SYSTEMPATH\CodeIgniter.php(903): App\Controllers\DataSiswa->__construct()
 2 SYSTEMPATH\CodeIgniter.php(500): CodeIgniter\CodeIgniter->createController()
 3 SYSTEMPATH\CodeIgniter.php(355): CodeIgniter\CodeIgniter->handleRequest(null, Object(Config\Cache), false)
 4 SYSTEMPATH\Boot.php(325): CodeIgniter\CodeIgniter->run()
 5 SYSTEMPATH\Boot.php(67): CodeIgniter\Boot::runCodeIgniter(Object(CodeIgniter\CodeIgniter))
 6 FCPATH\index.php(56): CodeIgniter\Boot::bootWeb(Object(Config\Paths))
 7 SYSTEMPATH\rewrite.php(44): require_once('C:\\xampp\\htdocs\\siakad_CI4\\public\\index.php')
INFO - 2024-08-28 07:24:38 --> Session: Class initialized using 'CodeIgniter\Session\Handlers\FileHandler' driver.
WARNING - 2024-08-28 07:24:38 --> [DEPRECATED] Creation of dynamic property App\Controllers\DataSiswa::$ModelDataSiswa is deprecated in APPPATH\Controllers\DataSiswa.php on line 11.
 1 SYSTEMPATH\CodeIgniter.php(903): App\Controllers\DataSiswa->__construct()
 2 SYSTEMPATH\CodeIgniter.php(500): CodeIgniter\CodeIgniter->createController()
 3 SYSTEMPATH\CodeIgniter.php(355): CodeIgniter\CodeIgniter->handleRequest(null, Object(Config\Cache), false)
 4 SYSTEMPATH\Boot.php(325): CodeIgniter\CodeIgniter->run()
 5 SYSTEMPATH\Boot.php(67): CodeIgniter\Boot::runCodeIgniter(Object(CodeIgniter\CodeIgniter))
 6 FCPATH\index.php(56): CodeIgniter\Boot::bootWeb(Object(Config\Paths))
 7 SYSTEMPATH\rewrite.php(44): require_once('C:\\xampp\\htdocs\\siakad_CI4\\public\\index.php')
INFO - 2024-08-28 07:26:28 --> Session: Class initialized using 'CodeIgniter\Session\Handlers\FileHandler' driver.
WARNING - 2024-08-28 07:26:28 --> [DEPRECATED] Creation of dynamic property App\Controllers\DataSiswa::$ModelDataSiswa is deprecated in APPPATH\Controllers\DataSiswa.php on line 11.
 1 SYSTEMPATH\CodeIgniter.php(903): App\Controllers\DataSiswa->__construct()
 2 SYSTEMPATH\CodeIgniter.php(500): CodeIgniter\CodeIgniter->createController()
 3 SYSTEMPATH\CodeIgniter.php(355): CodeIgniter\CodeIgniter->handleRequest(null, Object(Config\Cache), false)
 4 SYSTEMPATH\Boot.php(325): CodeIgniter\CodeIgniter->run()
 5 SYSTEMPATH\Boot.php(67): CodeIgniter\Boot::runCodeIgniter(Object(CodeIgniter\CodeIgniter))
 6 FCPATH\index.php(56): CodeIgniter\Boot::bootWeb(Object(Config\Paths))
 7 SYSTEMPATH\rewrite.php(44): require_once('C:\\xampp\\htdocs\\siakad_CI4\\public\\index.php')
INFO - 2024-08-28 07:27:20 --> Session: Class initialized using 'CodeIgniter\Session\Handlers\FileHandler' driver.
WARNING - 2024-08-28 07:27:20 --> [DEPRECATED] Creation of dynamic property App\Controllers\DataSiswa::$ModelDataSiswa is deprecated in APPPATH\Controllers\DataSiswa.php on line 11.
 1 SYSTEMPATH\CodeIgniter.php(903): App\Controllers\DataSiswa->__construct()
 2 SYSTEMPATH\CodeIgniter.php(500): CodeIgniter\CodeIgniter->createController()
 3 SYSTEMPATH\CodeIgniter.php(355): CodeIgniter\CodeIgniter->handleRequest(null, Object(Config\Cache), false)
 4 SYSTEMPATH\Boot.php(325): CodeIgniter\CodeIgniter->run()
 5 SYSTEMPATH\Boot.php(67): CodeIgniter\Boot::runCodeIgniter(Object(CodeIgniter\CodeIgniter))
 6 FCPATH\index.php(56): CodeIgniter\Boot::bootWeb(Object(Config\Paths))
 7 SYSTEMPATH\rewrite.php(44): require_once('C:\\xampp\\htdocs\\siakad_CI4\\public\\index.php')
CRITICAL - 2024-08-28 07:27:20 --> ErrorException: Undefined array key "data siswa"
[Method: GET, Route: data%20siswa]
in APPPATH\Views\teknisi\v_datasiswa.php on line 65.
 1 APPPATH\Views\teknisi\v_datasiswa.php(65): CodeIgniter\Debug\Exceptions->errorHandler(2, 'Undefined array key "data siswa"', 'C:\\xampp\\htdocs\\siakad_CI4\\app\\Views\\teknisi\\v_datasiswa.php', 65)
 2 SYSTEMPATH\View\View.php(234): include('C:\\xampp\\htdocs\\siakad_CI4\\app\\Views\\teknisi\\v_datasiswa.php')
 3 SYSTEMPATH\View\View.php(237): CodeIgniter\View\View->CodeIgniter\View\{closure}()
 4 SYSTEMPATH\Common.php(1169): CodeIgniter\View\View->render('teknisi/v_datasiswa', [], true)
 5 APPPATH\Views\layout\v_content.php(3): view('teknisi/v_datasiswa')
 6 SYSTEMPATH\View\View.php(234): include('C:\\xampp\\htdocs\\siakad_CI4\\app\\Views\\layout\\v_content.php')
 7 SYSTEMPATH\View\View.php(237): CodeIgniter\View\View->CodeIgniter\View\{closure}()
 8 SYSTEMPATH\Common.php(1169): CodeIgniter\View\View->render('layout/v_content', [], true)
 9 APPPATH\Views\layout\v_wrapper.php(6): view('layout/v_content')
10 SYSTEMPATH\View\View.php(234): include('C:\\xampp\\htdocs\\siakad_CI4\\app\\Views\\layout\\v_wrapper.php')
11 SYSTEMPATH\View\View.php(237): CodeIgniter\View\View->CodeIgniter\View\{closure}()
12 SYSTEMPATH\Common.php(1169): CodeIgniter\View\View->render('layout/v_wrapper', [], true)
13 APPPATH\Controllers\DataSiswa.php(21): view('layout/v_wrapper', [...])
14 SYSTEMPATH\CodeIgniter.php(933): App\Controllers\DataSiswa->index()
15 SYSTEMPATH\CodeIgniter.php(509): CodeIgniter\CodeIgniter->runController(Object(App\Controllers\DataSiswa))
16 SYSTEMPATH\CodeIgniter.php(355): CodeIgniter\CodeIgniter->handleRequest(null, Object(Config\Cache), false)
17 SYSTEMPATH\Boot.php(325): CodeIgniter\CodeIgniter->run()
18 SYSTEMPATH\Boot.php(67): CodeIgniter\Boot::runCodeIgniter(Object(CodeIgniter\CodeIgniter))
19 FCPATH\index.php(56): CodeIgniter\Boot::bootWeb(Object(Config\Paths))
20 SYSTEMPATH\rewrite.php(44): require_once('C:\\xampp\\htdocs\\siakad_CI4\\public\\index.php')
INFO - 2024-08-28 07:27:35 --> Session: Class initialized using 'CodeIgniter\Session\Handlers\FileHandler' driver.
WARNING - 2024-08-28 07:27:35 --> [DEPRECATED] Creation of dynamic property App\Controllers\DataSiswa::$ModelDataSiswa is deprecated in APPPATH\Controllers\DataSiswa.php on line 11.
 1 SYSTEMPATH\CodeIgniter.php(903): App\Controllers\DataSiswa->__construct()
 2 SYSTEMPATH\CodeIgniter.php(500): CodeIgniter\CodeIgniter->createController()
 3 SYSTEMPATH\CodeIgniter.php(355): CodeIgniter\CodeIgniter->handleRequest(null, Object(Config\Cache), false)
 4 SYSTEMPATH\Boot.php(325): CodeIgniter\CodeIgniter->run()
 5 SYSTEMPATH\Boot.php(67): CodeIgniter\Boot::runCodeIgniter(Object(CodeIgniter\CodeIgniter))
 6 FCPATH\index.php(56): CodeIgniter\Boot::bootWeb(Object(Config\Paths))
 7 SYSTEMPATH\rewrite.php(44): require_once('C:\\xampp\\htdocs\\siakad_CI4\\public\\index.php')
CRITICAL - 2024-08-28 07:27:35 --> ErrorException: Undefined array key "data_siswa"
[Method: GET, Route: data%20siswa]
in APPPATH\Views\teknisi\v_datasiswa.php on line 65.
 1 APPPATH\Views\teknisi\v_datasiswa.php(65): CodeIgniter\Debug\Exceptions->errorHandler(2, 'Undefined array key "data_siswa"', 'C:\\xampp\\htdocs\\siakad_CI4\\app\\Views\\teknisi\\v_datasiswa.php', 65)
 2 SYSTEMPATH\View\View.php(234): include('C:\\xampp\\htdocs\\siakad_CI4\\app\\Views\\teknisi\\v_datasiswa.php')
 3 SYSTEMPATH\View\View.php(237): CodeIgniter\View\View->CodeIgniter\View\{closure}()
 4 SYSTEMPATH\Common.php(1169): CodeIgniter\View\View->render('teknisi/v_datasiswa', [], true)
 5 APPPATH\Views\layout\v_content.php(3): view('teknisi/v_datasiswa')
 6 SYSTEMPATH\View\View.php(234): include('C:\\xampp\\htdocs\\siakad_CI4\\app\\Views\\layout\\v_content.php')
 7 SYSTEMPATH\View\View.php(237): CodeIgniter\View\View->CodeIgniter\View\{closure}()
 8 SYSTEMPATH\Common.php(1169): CodeIgniter\View\View->render('layout/v_content', [], true)
 9 APPPATH\Views\layout\v_wrapper.php(6): view('layout/v_content')
10 SYSTEMPATH\View\View.php(234): include('C:\\xampp\\htdocs\\siakad_CI4\\app\\Views\\layout\\v_wrapper.php')
11 SYSTEMPATH\View\View.php(237): CodeIgniter\View\View->CodeIgniter\View\{closure}()
12 SYSTEMPATH\Common.php(1169): CodeIgniter\View\View->render('layout/v_wrapper', [], true)
13 APPPATH\Controllers\DataSiswa.php(21): view('layout/v_wrapper', [...])
14 SYSTEMPATH\CodeIgniter.php(933): App\Controllers\DataSiswa->index()
15 SYSTEMPATH\CodeIgniter.php(509): CodeIgniter\CodeIgniter->runController(Object(App\Controllers\DataSiswa))
16 SYSTEMPATH\CodeIgniter.php(355): CodeIgniter\CodeIgniter->handleRequest(null, Object(Config\Cache), false)
17 SYSTEMPATH\Boot.php(325): CodeIgniter\CodeIgniter->run()
18 SYSTEMPATH\Boot.php(67): CodeIgniter\Boot::runCodeIgniter(Object(CodeIgniter\CodeIgniter))
19 FCPATH\index.php(56): CodeIgniter\Boot::bootWeb(Object(Config\Paths))
20 SYSTEMPATH\rewrite.php(44): require_once('C:\\xampp\\htdocs\\siakad_CI4\\public\\index.php')
INFO - 2024-08-28 07:27:54 --> Session: Class initialized using 'CodeIgniter\Session\Handlers\FileHandler' driver.
WARNING - 2024-08-28 07:27:54 --> [DEPRECATED] Creation of dynamic property App\Controllers\DataSiswa::$ModelDataSiswa is deprecated in APPPATH\Controllers\DataSiswa.php on line 11.
 1 SYSTEMPATH\CodeIgniter.php(903): App\Controllers\DataSiswa->__construct()
 2 SYSTEMPATH\CodeIgniter.php(500): CodeIgniter\CodeIgniter->createController()
 3 SYSTEMPATH\CodeIgniter.php(355): CodeIgniter\CodeIgniter->handleRequest(null, Object(Config\Cache), false)
 4 SYSTEMPATH\Boot.php(325): CodeIgniter\CodeIgniter->run()
 5 SYSTEMPATH\Boot.php(67): CodeIgniter\Boot::runCodeIgniter(Object(CodeIgniter\CodeIgniter))
 6 FCPATH\index.php(56): CodeIgniter\Boot::bootWeb(Object(Config\Paths))
 7 SYSTEMPATH\rewrite.php(44): require_once('C:\\xampp\\htdocs\\siakad_CI4\\public\\index.php')
CRITICAL - 2024-08-28 07:27:54 --> ErrorException: Undefined array key "Data Siswa"
[Method: GET, Route: data%20siswa]
in APPPATH\Views\teknisi\v_datasiswa.php on line 65.
 1 APPPATH\Views\teknisi\v_datasiswa.php(65): CodeIgniter\Debug\Exceptions->errorHandler(2, 'Undefined array key "Data Siswa"', 'C:\\xampp\\htdocs\\siakad_CI4\\app\\Views\\teknisi\\v_datasiswa.php', 65)
 2 SYSTEMPATH\View\View.php(234): include('C:\\xampp\\htdocs\\siakad_CI4\\app\\Views\\teknisi\\v_datasiswa.php')
 3 SYSTEMPATH\View\View.php(237): CodeIgniter\View\View->CodeIgniter\View\{closure}()
 4 SYSTEMPATH\Common.php(1169): CodeIgniter\View\View->render('teknisi/v_datasiswa', [], true)
 5 APPPATH\Views\layout\v_content.php(3): view('teknisi/v_datasiswa')
 6 SYSTEMPATH\View\View.php(234): include('C:\\xampp\\htdocs\\siakad_CI4\\app\\Views\\layout\\v_content.php')
 7 SYSTEMPATH\View\View.php(237): CodeIgniter\View\View->CodeIgniter\View\{closure}()
 8 SYSTEMPATH\Common.php(1169): CodeIgniter\View\View->render('layout/v_content', [], true)
 9 APPPATH\Views\layout\v_wrapper.php(6): view('layout/v_content')
10 SYSTEMPATH\View\View.php(234): include('C:\\xampp\\htdocs\\siakad_CI4\\app\\Views\\layout\\v_wrapper.php')
11 SYSTEMPATH\View\View.php(237): CodeIgniter\View\View->CodeIgniter\View\{closure}()
12 SYSTEMPATH\Common.php(1169): CodeIgniter\View\View->render('layout/v_wrapper', [], true)
13 APPPATH\Controllers\DataSiswa.php(21): view('layout/v_wrapper', [...])
14 SYSTEMPATH\CodeIgniter.php(933): App\Controllers\DataSiswa->index()
15 SYSTEMPATH\CodeIgniter.php(509): CodeIgniter\CodeIgniter->runController(Object(App\Controllers\DataSiswa))
16 SYSTEMPATH\CodeIgniter.php(355): CodeIgniter\CodeIgniter->handleRequest(null, Object(Config\Cache), false)
17 SYSTEMPATH\Boot.php(325): CodeIgniter\CodeIgniter->run()
18 SYSTEMPATH\Boot.php(67): CodeIgniter\Boot::runCodeIgniter(Object(CodeIgniter\CodeIgniter))
19 FCPATH\index.php(56): CodeIgniter\Boot::bootWeb(Object(Config\Paths))
20 SYSTEMPATH\rewrite.php(44): require_once('C:\\xampp\\htdocs\\siakad_CI4\\public\\index.php')
INFO - 2024-08-28 07:31:07 --> Session: Class initialized using 'CodeIgniter\Session\Handlers\FileHandler' driver.
WARNING - 2024-08-28 07:31:07 --> [DEPRECATED] Creation of dynamic property App\Controllers\DataSiswa::$ModelDataSiswa is deprecated in APPPATH\Controllers\DataSiswa.php on line 11.
 1 SYSTEMPATH\CodeIgniter.php(903): App\Controllers\DataSiswa->__construct()
 2 SYSTEMPATH\CodeIgniter.php(500): CodeIgniter\CodeIgniter->createController()
 3 SYSTEMPATH\CodeIgniter.php(355): CodeIgniter\CodeIgniter->handleRequest(null, Object(Config\Cache), false)
 4 SYSTEMPATH\Boot.php(325): CodeIgniter\CodeIgniter->run()
 5 SYSTEMPATH\Boot.php(67): CodeIgniter\Boot::runCodeIgniter(Object(CodeIgniter\CodeIgniter))
 6 FCPATH\index.php(56): CodeIgniter\Boot::bootWeb(Object(Config\Paths))
 7 SYSTEMPATH\rewrite.php(44): require_once('C:\\xampp\\htdocs\\siakad_CI4\\public\\index.php')
CRITICAL - 2024-08-28 07:31:07 --> ErrorException: Undefined array key "siswa"
[Method: GET, Route: data%20siswa]
in APPPATH\Views\teknisi\v_datasiswa.php on line 65.
 1 APPPATH\Views\teknisi\v_datasiswa.php(65): CodeIgniter\Debug\Exceptions->errorHandler(2, 'Undefined array key "siswa"', 'C:\\xampp\\htdocs\\siakad_CI4\\app\\Views\\teknisi\\v_datasiswa.php', 65)
 2 SYSTEMPATH\View\View.php(234): include('C:\\xampp\\htdocs\\siakad_CI4\\app\\Views\\teknisi\\v_datasiswa.php')
 3 SYSTEMPATH\View\View.php(237): CodeIgniter\View\View->CodeIgniter\View\{closure}()
 4 SYSTEMPATH\Common.php(1169): CodeIgniter\View\View->render('teknisi/v_datasiswa', [], true)
 5 APPPATH\Views\layout\v_content.php(3): view('teknisi/v_datasiswa')
 6 SYSTEMPATH\View\View.php(234): include('C:\\xampp\\htdocs\\siakad_CI4\\app\\Views\\layout\\v_content.php')
 7 SYSTEMPATH\View\View.php(237): CodeIgniter\View\View->CodeIgniter\View\{closure}()
 8 SYSTEMPATH\Common.php(1169): CodeIgniter\View\View->render('layout/v_content', [], true)
 9 APPPATH\Views\layout\v_wrapper.php(6): view('layout/v_content')
10 SYSTEMPATH\View\View.php(234): include('C:\\xampp\\htdocs\\siakad_CI4\\app\\Views\\layout\\v_wrapper.php')
11 SYSTEMPATH\View\View.php(237): CodeIgniter\View\View->CodeIgniter\View\{closure}()
12 SYSTEMPATH\Common.php(1169): CodeIgniter\View\View->render('layout/v_wrapper', [], true)
13 APPPATH\Controllers\DataSiswa.php(21): view('layout/v_wrapper', [...])
14 SYSTEMPATH\CodeIgniter.php(933): App\Controllers\DataSiswa->index()
15 SYSTEMPATH\CodeIgniter.php(509): CodeIgniter\CodeIgniter->runController(Object(App\Controllers\DataSiswa))
16 SYSTEMPATH\CodeIgniter.php(355): CodeIgniter\CodeIgniter->handleRequest(null, Object(Config\Cache), false)
17 SYSTEMPATH\Boot.php(325): CodeIgniter\CodeIgniter->run()
18 SYSTEMPATH\Boot.php(67): CodeIgniter\Boot::runCodeIgniter(Object(CodeIgniter\CodeIgniter))
19 FCPATH\index.php(56): CodeIgniter\Boot::bootWeb(Object(Config\Paths))
20 SYSTEMPATH\rewrite.php(44): require_once('C:\\xampp\\htdocs\\siakad_CI4\\public\\index.php')
INFO - 2024-08-28 07:31:50 --> Session: Class initialized using 'CodeIgniter\Session\Handlers\FileHandler' driver.
WARNING - 2024-08-28 07:31:50 --> [DEPRECATED] Creation of dynamic property App\Controllers\DataSiswa::$ModelDataSiswa is deprecated in APPPATH\Controllers\DataSiswa.php on line 11.
 1 SYSTEMPATH\CodeIgniter.php(903): App\Controllers\DataSiswa->__construct()
 2 SYSTEMPATH\CodeIgniter.php(500): CodeIgniter\CodeIgniter->createController()
 3 SYSTEMPATH\CodeIgniter.php(355): CodeIgniter\CodeIgniter->handleRequest(null, Object(Config\Cache), false)
 4 SYSTEMPATH\Boot.php(325): CodeIgniter\CodeIgniter->run()
 5 SYSTEMPATH\Boot.php(67): CodeIgniter\Boot::runCodeIgniter(Object(CodeIgniter\CodeIgniter))
 6 FCPATH\index.php(56): CodeIgniter\Boot::bootWeb(Object(Config\Paths))
 7 SYSTEMPATH\rewrite.php(44): require_once('C:\\xampp\\htdocs\\siakad_CI4\\public\\index.php')
CRITICAL - 2024-08-28 07:31:50 --> ErrorException: Undefined array key "tbl_siswa"
[Method: GET, Route: data%20siswa]
in APPPATH\Views\teknisi\v_datasiswa.php on line 65.
 1 APPPATH\Views\teknisi\v_datasiswa.php(65): CodeIgniter\Debug\Exceptions->errorHandler(2, 'Undefined array key "tbl_siswa"', 'C:\\xampp\\htdocs\\siakad_CI4\\app\\Views\\teknisi\\v_datasiswa.php', 65)
 2 SYSTEMPATH\View\View.php(234): include('C:\\xampp\\htdocs\\siakad_CI4\\app\\Views\\teknisi\\v_datasiswa.php')
 3 SYSTEMPATH\View\View.php(237): CodeIgniter\View\View->CodeIgniter\View\{closure}()
 4 SYSTEMPATH\Common.php(1169): CodeIgniter\View\View->render('teknisi/v_datasiswa', [], true)
 5 APPPATH\Views\layout\v_content.php(3): view('teknisi/v_datasiswa')
 6 SYSTEMPATH\View\View.php(234): include('C:\\xampp\\htdocs\\siakad_CI4\\app\\Views\\layout\\v_content.php')
 7 SYSTEMPATH\View\View.php(237): CodeIgniter\View\View->CodeIgniter\View\{closure}()
 8 SYSTEMPATH\Common.php(1169): CodeIgniter\View\View->render('layout/v_content', [], true)
 9 APPPATH\Views\layout\v_wrapper.php(6): view('layout/v_content')
10 SYSTEMPATH\View\View.php(234): include('C:\\xampp\\htdocs\\siakad_CI4\\app\\Views\\layout\\v_wrapper.php')
11 SYSTEMPATH\View\View.php(237): CodeIgniter\View\View->CodeIgniter\View\{closure}()
12 SYSTEMPATH\Common.php(1169): CodeIgniter\View\View->render('layout/v_wrapper', [], true)
13 APPPATH\Controllers\DataSiswa.php(21): view('layout/v_wrapper', [...])
14 SYSTEMPATH\CodeIgniter.php(933): App\Controllers\DataSiswa->index()
15 SYSTEMPATH\CodeIgniter.php(509): CodeIgniter\CodeIgniter->runController(Object(App\Controllers\DataSiswa))
16 SYSTEMPATH\CodeIgniter.php(355): CodeIgniter\CodeIgniter->handleRequest(null, Object(Config\Cache), false)
17 SYSTEMPATH\Boot.php(325): CodeIgniter\CodeIgniter->run()
18 SYSTEMPATH\Boot.php(67): CodeIgniter\Boot::runCodeIgniter(Object(CodeIgniter\CodeIgniter))
19 FCPATH\index.php(56): CodeIgniter\Boot::bootWeb(Object(Config\Paths))
20 SYSTEMPATH\rewrite.php(44): require_once('C:\\xampp\\htdocs\\siakad_CI4\\public\\index.php')
INFO - 2024-08-28 07:33:51 --> Session: Class initialized using 'CodeIgniter\Session\Handlers\FileHandler' driver.
WARNING - 2024-08-28 07:33:51 --> [DEPRECATED] Creation of dynamic property App\Controllers\DataSiswa::$ModelDataSiswa is deprecated in APPPATH\Controllers\DataSiswa.php on line 11.
 1 SYSTEMPATH\CodeIgniter.php(903): App\Controllers\DataSiswa->__construct()
 2 SYSTEMPATH\CodeIgniter.php(500): CodeIgniter\CodeIgniter->createController()
 3 SYSTEMPATH\CodeIgniter.php(355): CodeIgniter\CodeIgniter->handleRequest(null, Object(Config\Cache), false)
 4 SYSTEMPATH\Boot.php(325): CodeIgniter\CodeIgniter->run()
 5 SYSTEMPATH\Boot.php(67): CodeIgniter\Boot::runCodeIgniter(Object(CodeIgniter\CodeIgniter))
 6 FCPATH\index.php(56): CodeIgniter\Boot::bootWeb(Object(Config\Paths))
 7 SYSTEMPATH\rewrite.php(44): require_once('C:\\xampp\\htdocs\\siakad_CI4\\public\\index.php')
INFO - 2024-08-28 07:34:53 --> Session: Class initialized using 'CodeIgniter\Session\Handlers\FileHandler' driver.
WARNING - 2024-08-28 07:34:53 --> [DEPRECATED] Creation of dynamic property App\Controllers\DataSiswa::$ModelDataSiswa is deprecated in APPPATH\Controllers\DataSiswa.php on line 11.
 1 SYSTEMPATH\CodeIgniter.php(903): App\Controllers\DataSiswa->__construct()
 2 SYSTEMPATH\CodeIgniter.php(500): CodeIgniter\CodeIgniter->createController()
 3 SYSTEMPATH\CodeIgniter.php(355): CodeIgniter\CodeIgniter->handleRequest(null, Object(Config\Cache), false)
 4 SYSTEMPATH\Boot.php(325): CodeIgniter\CodeIgniter->run()
 5 SYSTEMPATH\Boot.php(67): CodeIgniter\Boot::runCodeIgniter(Object(CodeIgniter\CodeIgniter))
 6 FCPATH\index.php(56): CodeIgniter\Boot::bootWeb(Object(Config\Paths))
 7 SYSTEMPATH\rewrite.php(44): require_once('C:\\xampp\\htdocs\\siakad_CI4\\public\\index.php')
INFO - 2024-08-28 07:35:08 --> Session: Class initialized using 'CodeIgniter\Session\Handlers\FileHandler' driver.
WARNING - 2024-08-28 07:35:08 --> [DEPRECATED] Creation of dynamic property App\Controllers\DataSiswa::$ModelDataSiswa is deprecated in APPPATH\Controllers\DataSiswa.php on line 11.
 1 SYSTEMPATH\CodeIgniter.php(903): App\Controllers\DataSiswa->__construct()
 2 SYSTEMPATH\CodeIgniter.php(500): CodeIgniter\CodeIgniter->createController()
 3 SYSTEMPATH\CodeIgniter.php(355): CodeIgniter\CodeIgniter->handleRequest(null, Object(Config\Cache), false)
 4 SYSTEMPATH\Boot.php(325): CodeIgniter\CodeIgniter->run()
 5 SYSTEMPATH\Boot.php(67): CodeIgniter\Boot::runCodeIgniter(Object(CodeIgniter\CodeIgniter))
 6 FCPATH\index.php(56): CodeIgniter\Boot::bootWeb(Object(Config\Paths))
 7 SYSTEMPATH\rewrite.php(44): require_once('C:\\xampp\\htdocs\\siakad_CI4\\public\\index.php')
INFO - 2024-08-28 07:40:50 --> Session: Class initialized using 'CodeIgniter\Session\Handlers\FileHandler' driver.
WARNING - 2024-08-28 07:40:51 --> [DEPRECATED] Creation of dynamic property App\Controllers\DataSiswa::$ModelDataSiswa is deprecated in APPPATH\Controllers\DataSiswa.php on line 13.
 1 SYSTEMPATH\CodeIgniter.php(903): App\Controllers\DataSiswa->__construct()
 2 SYSTEMPATH\CodeIgniter.php(500): CodeIgniter\CodeIgniter->createController()
 3 SYSTEMPATH\CodeIgniter.php(355): CodeIgniter\CodeIgniter->handleRequest(null, Object(Config\Cache), false)
 4 SYSTEMPATH\Boot.php(325): CodeIgniter\CodeIgniter->run()
 5 SYSTEMPATH\Boot.php(67): CodeIgniter\Boot::runCodeIgniter(Object(CodeIgniter\CodeIgniter))
 6 FCPATH\index.php(56): CodeIgniter\Boot::bootWeb(Object(Config\Paths))
 7 SYSTEMPATH\rewrite.php(44): require_once('C:\\xampp\\htdocs\\siakad_CI4\\public\\index.php')
CRITICAL - 2024-08-28 07:40:51 --> ErrorException: Undefined array key "data siswa"
[Method: GET, Route: data%20siswa]
in APPPATH\Views\teknisi\v_datasiswa.php on line 65.
 1 APPPATH\Views\teknisi\v_datasiswa.php(65): CodeIgniter\Debug\Exceptions->errorHandler(2, 'Undefined array key "data siswa"', 'C:\\xampp\\htdocs\\siakad_CI4\\app\\Views\\teknisi\\v_datasiswa.php', 65)
 2 SYSTEMPATH\View\View.php(234): include('C:\\xampp\\htdocs\\siakad_CI4\\app\\Views\\teknisi\\v_datasiswa.php')
 3 SYSTEMPATH\View\View.php(237): CodeIgniter\View\View->CodeIgniter\View\{closure}()
 4 SYSTEMPATH\Common.php(1169): CodeIgniter\View\View->render('teknisi/v_datasiswa', [], true)
 5 APPPATH\Views\layout\v_content.php(3): view('teknisi/v_datasiswa')
 6 SYSTEMPATH\View\View.php(234): include('C:\\xampp\\htdocs\\siakad_CI4\\app\\Views\\layout\\v_content.php')
 7 SYSTEMPATH\View\View.php(237): CodeIgniter\View\View->CodeIgniter\View\{closure}()
 8 SYSTEMPATH\Common.php(1169): CodeIgniter\View\View->render('layout/v_content', [], true)
 9 APPPATH\Views\layout\v_wrapper.php(6): view('layout/v_content')
10 SYSTEMPATH\View\View.php(234): include('C:\\xampp\\htdocs\\siakad_CI4\\app\\Views\\layout\\v_wrapper.php')
11 SYSTEMPATH\View\View.php(237): CodeIgniter\View\View->CodeIgniter\View\{closure}()
12 SYSTEMPATH\Common.php(1169): CodeIgniter\View\View->render('layout/v_wrapper', [], true)
13 APPPATH\Controllers\DataSiswa.php(23): view('layout/v_wrapper', [...])
14 SYSTEMPATH\CodeIgniter.php(933): App\Controllers\DataSiswa->index()
15 SYSTEMPATH\CodeIgniter.php(509): CodeIgniter\CodeIgniter->runController(Object(App\Controllers\DataSiswa))
16 SYSTEMPATH\CodeIgniter.php(355): CodeIgniter\CodeIgniter->handleRequest(null, Object(Config\Cache), false)
17 SYSTEMPATH\Boot.php(325): CodeIgniter\CodeIgniter->run()
18 SYSTEMPATH\Boot.php(67): CodeIgniter\Boot::runCodeIgniter(Object(CodeIgniter\CodeIgniter))
19 FCPATH\index.php(56): CodeIgniter\Boot::bootWeb(Object(Config\Paths))
20 SYSTEMPATH\rewrite.php(44): require_once('C:\\xampp\\htdocs\\siakad_CI4\\public\\index.php')
INFO - 2024-08-28 07:41:28 --> Session: Class initialized using 'CodeIgniter\Session\Handlers\FileHandler' driver.
WARNING - 2024-08-28 07:41:28 --> [DEPRECATED] Creation of dynamic property App\Controllers\DataSiswa::$ModelDataSiswa is deprecated in APPPATH\Controllers\DataSiswa.php on line 13.
 1 SYSTEMPATH\CodeIgniter.php(903): App\Controllers\DataSiswa->__construct()
 2 SYSTEMPATH\CodeIgniter.php(500): CodeIgniter\CodeIgniter->createController()
 3 SYSTEMPATH\CodeIgniter.php(355): CodeIgniter\CodeIgniter->handleRequest(null, Object(Config\Cache), false)
 4 SYSTEMPATH\Boot.php(325): CodeIgniter\CodeIgniter->run()
 5 SYSTEMPATH\Boot.php(67): CodeIgniter\Boot::runCodeIgniter(Object(CodeIgniter\CodeIgniter))
 6 FCPATH\index.php(56): CodeIgniter\Boot::bootWeb(Object(Config\Paths))
 7 SYSTEMPATH\rewrite.php(44): require_once('C:\\xampp\\htdocs\\siakad_CI4\\public\\index.php')
CRITICAL - 2024-08-28 07:41:28 --> ErrorException: Undefined array key "DataSiswa"
[Method: GET, Route: data%20siswa]
in APPPATH\Views\teknisi\v_datasiswa.php on line 65.
 1 APPPATH\Views\teknisi\v_datasiswa.php(65): CodeIgniter\Debug\Exceptions->errorHandler(2, 'Undefined array key "DataSiswa"', 'C:\\xampp\\htdocs\\siakad_CI4\\app\\Views\\teknisi\\v_datasiswa.php', 65)
 2 SYSTEMPATH\View\View.php(234): include('C:\\xampp\\htdocs\\siakad_CI4\\app\\Views\\teknisi\\v_datasiswa.php')
 3 SYSTEMPATH\View\View.php(237): CodeIgniter\View\View->CodeIgniter\View\{closure}()
 4 SYSTEMPATH\Common.php(1169): CodeIgniter\View\View->render('teknisi/v_datasiswa', [], true)
 5 APPPATH\Views\layout\v_content.php(3): view('teknisi/v_datasiswa')
 6 SYSTEMPATH\View\View.php(234): include('C:\\xampp\\htdocs\\siakad_CI4\\app\\Views\\layout\\v_content.php')
 7 SYSTEMPATH\View\View.php(237): CodeIgniter\View\View->CodeIgniter\View\{closure}()
 8 SYSTEMPATH\Common.php(1169): CodeIgniter\View\View->render('layout/v_content', [], true)
 9 APPPATH\Views\layout\v_wrapper.php(6): view('layout/v_content')
10 SYSTEMPATH\View\View.php(234): include('C:\\xampp\\htdocs\\siakad_CI4\\app\\Views\\layout\\v_wrapper.php')
11 SYSTEMPATH\View\View.php(237): CodeIgniter\View\View->CodeIgniter\View\{closure}()
12 SYSTEMPATH\Common.php(1169): CodeIgniter\View\View->render('layout/v_wrapper', [], true)
13 APPPATH\Controllers\DataSiswa.php(23): view('layout/v_wrapper', [...])
14 SYSTEMPATH\CodeIgniter.php(933): App\Controllers\DataSiswa->index()
15 SYSTEMPATH\CodeIgniter.php(509): CodeIgniter\CodeIgniter->runController(Object(App\Controllers\DataSiswa))
16 SYSTEMPATH\CodeIgniter.php(355): CodeIgniter\CodeIgniter->handleRequest(null, Object(Config\Cache), false)
17 SYSTEMPATH\Boot.php(325): CodeIgniter\CodeIgniter->run()
18 SYSTEMPATH\Boot.php(67): CodeIgniter\Boot::runCodeIgniter(Object(CodeIgniter\CodeIgniter))
19 FCPATH\index.php(56): CodeIgniter\Boot::bootWeb(Object(Config\Paths))
20 SYSTEMPATH\rewrite.php(44): require_once('C:\\xampp\\htdocs\\siakad_CI4\\public\\index.php')
INFO - 2024-08-28 07:44:36 --> Session: Class initialized using 'CodeIgniter\Session\Handlers\FileHandler' driver.
WARNING - 2024-08-28 07:44:36 --> [DEPRECATED] Creation of dynamic property App\Controllers\DataSiswa::$ModelDataSiswa is deprecated in APPPATH\Controllers\DataSiswa.php on line 13.
 1 SYSTEMPATH\CodeIgniter.php(903): App\Controllers\DataSiswa->__construct()
 2 SYSTEMPATH\CodeIgniter.php(500): CodeIgniter\CodeIgniter->createController()
 3 SYSTEMPATH\CodeIgniter.php(355): CodeIgniter\CodeIgniter->handleRequest(null, Object(Config\Cache), false)
 4 SYSTEMPATH\Boot.php(325): CodeIgniter\CodeIgniter->run()
 5 SYSTEMPATH\Boot.php(67): CodeIgniter\Boot::runCodeIgniter(Object(CodeIgniter\CodeIgniter))
 6 FCPATH\index.php(56): CodeIgniter\Boot::bootWeb(Object(Config\Paths))
 7 SYSTEMPATH\rewrite.php(44): require_once('C:\\xampp\\htdocs\\siakad_CI4\\public\\index.php')
CRITICAL - 2024-08-28 07:44:36 --> BadMethodCallException: Call to undefined method App\Models\ModelDataSiswa::allData
[Method: GET, Route: data%20siswa]
in SYSTEMPATH\Model.php on line 932.
 1 APPPATH\Controllers\DataSiswa.php(20): CodeIgniter\Model->__call('allData', [])
 2 SYSTEMPATH\CodeIgniter.php(933): App\Controllers\DataSiswa->index()
 3 SYSTEMPATH\CodeIgniter.php(509): CodeIgniter\CodeIgniter->runController(Object(App\Controllers\DataSiswa))
 4 SYSTEMPATH\CodeIgniter.php(355): CodeIgniter\CodeIgniter->handleRequest(null, Object(Config\Cache), false)
 5 SYSTEMPATH\Boot.php(325): CodeIgniter\CodeIgniter->run()
 6 SYSTEMPATH\Boot.php(67): CodeIgniter\Boot::runCodeIgniter(Object(CodeIgniter\CodeIgniter))
 7 FCPATH\index.php(56): CodeIgniter\Boot::bootWeb(Object(Config\Paths))
 8 SYSTEMPATH\rewrite.php(44): require_once('C:\\xampp\\htdocs\\siakad_CI4\\public\\index.php')
INFO - 2024-08-28 07:47:01 --> Session: Class initialized using 'CodeIgniter\Session\Handlers\FileHandler' driver.
WARNING - 2024-08-28 07:47:01 --> [DEPRECATED] Creation of dynamic property App\Controllers\DataSiswa::$ModelDataSiswa is deprecated in APPPATH\Controllers\DataSiswa.php on line 13.
 1 SYSTEMPATH\CodeIgniter.php(903): App\Controllers\DataSiswa->__construct()
 2 SYSTEMPATH\CodeIgniter.php(500): CodeIgniter\CodeIgniter->createController()
 3 SYSTEMPATH\CodeIgniter.php(355): CodeIgniter\CodeIgniter->handleRequest(null, Object(Config\Cache), false)
 4 SYSTEMPATH\Boot.php(325): CodeIgniter\CodeIgniter->run()
 5 SYSTEMPATH\Boot.php(67): CodeIgniter\Boot::runCodeIgniter(Object(CodeIgniter\CodeIgniter))
 6 FCPATH\index.php(56): CodeIgniter\Boot::bootWeb(Object(Config\Paths))
 7 SYSTEMPATH\rewrite.php(44): require_once('C:\\xampp\\htdocs\\siakad_CI4\\public\\index.php')
CRITICAL - 2024-08-28 07:47:01 --> BadMethodCallException: Call to undefined method App\Models\ModelDataSiswa::allData
[Method: GET, Route: data%20siswa]
in SYSTEMPATH\Model.php on line 932.
 1 APPPATH\Controllers\DataSiswa.php(20): CodeIgniter\Model->__call('allData', [])
 2 SYSTEMPATH\CodeIgniter.php(933): App\Controllers\DataSiswa->index()
 3 SYSTEMPATH\CodeIgniter.php(509): CodeIgniter\CodeIgniter->runController(Object(App\Controllers\DataSiswa))
 4 SYSTEMPATH\CodeIgniter.php(355): CodeIgniter\CodeIgniter->handleRequest(null, Object(Config\Cache), false)
 5 SYSTEMPATH\Boot.php(325): CodeIgniter\CodeIgniter->run()
 6 SYSTEMPATH\Boot.php(67): CodeIgniter\Boot::runCodeIgniter(Object(CodeIgniter\CodeIgniter))
 7 FCPATH\index.php(56): CodeIgniter\Boot::bootWeb(Object(Config\Paths))
 8 SYSTEMPATH\rewrite.php(44): require_once('C:\\xampp\\htdocs\\siakad_CI4\\public\\index.php')
INFO - 2024-08-28 07:48:16 --> Session: Class initialized using 'CodeIgniter\Session\Handlers\FileHandler' driver.
WARNING - 2024-08-28 07:48:16 --> [DEPRECATED] Creation of dynamic property App\Controllers\DataSiswa::$ModelDataSiswa is deprecated in APPPATH\Controllers\DataSiswa.php on line 13.
 1 SYSTEMPATH\CodeIgniter.php(903): App\Controllers\DataSiswa->__construct()
 2 SYSTEMPATH\CodeIgniter.php(500): CodeIgniter\CodeIgniter->createController()
 3 SYSTEMPATH\CodeIgniter.php(355): CodeIgniter\CodeIgniter->handleRequest(null, Object(Config\Cache), false)
 4 SYSTEMPATH\Boot.php(325): CodeIgniter\CodeIgniter->run()
 5 SYSTEMPATH\Boot.php(67): CodeIgniter\Boot::runCodeIgniter(Object(CodeIgniter\CodeIgniter))
 6 FCPATH\index.php(56): CodeIgniter\Boot::bootWeb(Object(Config\Paths))
 7 SYSTEMPATH\rewrite.php(44): require_once('C:\\xampp\\htdocs\\siakad_CI4\\public\\index.php')
CRITICAL - 2024-08-28 07:48:16 --> ErrorException: Undefined array key "data siswa"
[Method: GET, Route: data%20siswa]
in APPPATH\Views\teknisi\v_datasiswa.php on line 65.
 1 APPPATH\Views\teknisi\v_datasiswa.php(65): CodeIgniter\Debug\Exceptions->errorHandler(2, 'Undefined array key "data siswa"', 'C:\\xampp\\htdocs\\siakad_CI4\\app\\Views\\teknisi\\v_datasiswa.php', 65)
 2 SYSTEMPATH\View\View.php(234): include('C:\\xampp\\htdocs\\siakad_CI4\\app\\Views\\teknisi\\v_datasiswa.php')
 3 SYSTEMPATH\View\View.php(237): CodeIgniter\View\View->CodeIgniter\View\{closure}()
 4 SYSTEMPATH\Common.php(1169): CodeIgniter\View\View->render('teknisi/v_datasiswa', [], true)
 5 APPPATH\Views\layout\v_content.php(3): view('teknisi/v_datasiswa')
 6 SYSTEMPATH\View\View.php(234): include('C:\\xampp\\htdocs\\siakad_CI4\\app\\Views\\layout\\v_content.php')
 7 SYSTEMPATH\View\View.php(237): CodeIgniter\View\View->CodeIgniter\View\{closure}()
 8 SYSTEMPATH\Common.php(1169): CodeIgniter\View\View->render('layout/v_content', [], true)
 9 APPPATH\Views\layout\v_wrapper.php(6): view('layout/v_content')
10 SYSTEMPATH\View\View.php(234): include('C:\\xampp\\htdocs\\siakad_CI4\\app\\Views\\layout\\v_wrapper.php')
11 SYSTEMPATH\View\View.php(237): CodeIgniter\View\View->CodeIgniter\View\{closure}()
12 SYSTEMPATH\Common.php(1169): CodeIgniter\View\View->render('layout/v_wrapper', [], true)
13 APPPATH\Controllers\DataSiswa.php(23): view('layout/v_wrapper', [...])
14 SYSTEMPATH\CodeIgniter.php(933): App\Controllers\DataSiswa->index()
15 SYSTEMPATH\CodeIgniter.php(509): CodeIgniter\CodeIgniter->runController(Object(App\Controllers\DataSiswa))
16 SYSTEMPATH\CodeIgniter.php(355): CodeIgniter\CodeIgniter->handleRequest(null, Object(Config\Cache), false)
17 SYSTEMPATH\Boot.php(325): CodeIgniter\CodeIgniter->run()
18 SYSTEMPATH\Boot.php(67): CodeIgniter\Boot::runCodeIgniter(Object(CodeIgniter\CodeIgniter))
19 FCPATH\index.php(56): CodeIgniter\Boot::bootWeb(Object(Config\Paths))
20 SYSTEMPATH\rewrite.php(44): require_once('C:\\xampp\\htdocs\\siakad_CI4\\public\\index.php')
INFO - 2024-08-28 07:48:43 --> Session: Class initialized using 'CodeIgniter\Session\Handlers\FileHandler' driver.
WARNING - 2024-08-28 07:48:43 --> [DEPRECATED] Creation of dynamic property App\Controllers\DataSiswa::$ModelDataSiswa is deprecated in APPPATH\Controllers\DataSiswa.php on line 13.
 1 SYSTEMPATH\CodeIgniter.php(903): App\Controllers\DataSiswa->__construct()
 2 SYSTEMPATH\CodeIgniter.php(500): CodeIgniter\CodeIgniter->createController()
 3 SYSTEMPATH\CodeIgniter.php(355): CodeIgniter\CodeIgniter->handleRequest(null, Object(Config\Cache), false)
 4 SYSTEMPATH\Boot.php(325): CodeIgniter\CodeIgniter->run()
 5 SYSTEMPATH\Boot.php(67): CodeIgniter\Boot::runCodeIgniter(Object(CodeIgniter\CodeIgniter))
 6 FCPATH\index.php(56): CodeIgniter\Boot::bootWeb(Object(Config\Paths))
 7 SYSTEMPATH\rewrite.php(44): require_once('C:\\xampp\\htdocs\\siakad_CI4\\public\\index.php')
CRITICAL - 2024-08-28 07:48:43 --> ErrorException: Undefined array key ""
[Method: GET, Route: data%20siswa]
in APPPATH\Views\teknisi\v_datasiswa.php on line 66.
 1 APPPATH\Views\teknisi\v_datasiswa.php(66): CodeIgniter\Debug\Exceptions->errorHandler(2, 'Undefined array key ""', 'C:\\xampp\\htdocs\\siakad_CI4\\app\\Views\\teknisi\\v_datasiswa.php', 66)
 2 SYSTEMPATH\View\View.php(234): include('C:\\xampp\\htdocs\\siakad_CI4\\app\\Views\\teknisi\\v_datasiswa.php')
 3 SYSTEMPATH\View\View.php(237): CodeIgniter\View\View->CodeIgniter\View\{closure}()
 4 SYSTEMPATH\Common.php(1169): CodeIgniter\View\View->render('teknisi/v_datasiswa', [], true)
 5 APPPATH\Views\layout\v_content.php(3): view('teknisi/v_datasiswa')
 6 SYSTEMPATH\View\View.php(234): include('C:\\xampp\\htdocs\\siakad_CI4\\app\\Views\\layout\\v_content.php')
 7 SYSTEMPATH\View\View.php(237): CodeIgniter\View\View->CodeIgniter\View\{closure}()
 8 SYSTEMPATH\Common.php(1169): CodeIgniter\View\View->render('layout/v_content', [], true)
 9 APPPATH\Views\layout\v_wrapper.php(6): view('layout/v_content')
10 SYSTEMPATH\View\View.php(234): include('C:\\xampp\\htdocs\\siakad_CI4\\app\\Views\\layout\\v_wrapper.php')
11 SYSTEMPATH\View\View.php(237): CodeIgniter\View\View->CodeIgniter\View\{closure}()
12 SYSTEMPATH\Common.php(1169): CodeIgniter\View\View->render('layout/v_wrapper', [], true)
13 APPPATH\Controllers\DataSiswa.php(23): view('layout/v_wrapper', [...])
14 SYSTEMPATH\CodeIgniter.php(933): App\Controllers\DataSiswa->index()
15 SYSTEMPATH\CodeIgniter.php(509): CodeIgniter\CodeIgniter->runController(Object(App\Controllers\DataSiswa))
16 SYSTEMPATH\CodeIgniter.php(355): CodeIgniter\CodeIgniter->handleRequest(null, Object(Config\Cache), false)
17 SYSTEMPATH\Boot.php(325): CodeIgniter\CodeIgniter->run()
18 SYSTEMPATH\Boot.php(67): CodeIgniter\Boot::runCodeIgniter(Object(CodeIgniter\CodeIgniter))
19 FCPATH\index.php(56): CodeIgniter\Boot::bootWeb(Object(Config\Paths))
20 SYSTEMPATH\rewrite.php(44): require_once('C:\\xampp\\htdocs\\siakad_CI4\\public\\index.php')
INFO - 2024-08-28 07:49:02 --> Session: Class initialized using 'CodeIgniter\Session\Handlers\FileHandler' driver.
WARNING - 2024-08-28 07:49:02 --> [DEPRECATED] Creation of dynamic property App\Controllers\DataSiswa::$ModelDataSiswa is deprecated in APPPATH\Controllers\DataSiswa.php on line 13.
 1 SYSTEMPATH\CodeIgniter.php(903): App\Controllers\DataSiswa->__construct()
 2 SYSTEMPATH\CodeIgniter.php(500): CodeIgniter\CodeIgniter->createController()
 3 SYSTEMPATH\CodeIgniter.php(355): CodeIgniter\CodeIgniter->handleRequest(null, Object(Config\Cache), false)
 4 SYSTEMPATH\Boot.php(325): CodeIgniter\CodeIgniter->run()
 5 SYSTEMPATH\Boot.php(67): CodeIgniter\Boot::runCodeIgniter(Object(CodeIgniter\CodeIgniter))
 6 FCPATH\index.php(56): CodeIgniter\Boot::bootWeb(Object(Config\Paths))
 7 SYSTEMPATH\rewrite.php(44): require_once('C:\\xampp\\htdocs\\siakad_CI4\\public\\index.php')
INFO - 2024-08-28 07:50:09 --> Session: Class initialized using 'CodeIgniter\Session\Handlers\FileHandler' driver.
WARNING - 2024-08-28 07:50:09 --> [DEPRECATED] Creation of dynamic property App\Controllers\DataSiswa::$ModelDataSiswa is deprecated in APPPATH\Controllers\DataSiswa.php on line 11.
 1 SYSTEMPATH\CodeIgniter.php(903): App\Controllers\DataSiswa->__construct()
 2 SYSTEMPATH\CodeIgniter.php(500): CodeIgniter\CodeIgniter->createController()
 3 SYSTEMPATH\CodeIgniter.php(355): CodeIgniter\CodeIgniter->handleRequest(null, Object(Config\Cache), false)
 4 SYSTEMPATH\Boot.php(325): CodeIgniter\CodeIgniter->run()
 5 SYSTEMPATH\Boot.php(67): CodeIgniter\Boot::runCodeIgniter(Object(CodeIgniter\CodeIgniter))
 6 FCPATH\index.php(56): CodeIgniter\Boot::bootWeb(Object(Config\Paths))
 7 SYSTEMPATH\rewrite.php(44): require_once('C:\\xampp\\htdocs\\siakad_CI4\\public\\index.php')
INFO - 2024-08-28 08:10:36 --> Session: Class initialized using 'CodeIgniter\Session\Handlers\FileHandler' driver.
WARNING - 2024-08-28 08:10:36 --> [DEPRECATED] Creation of dynamic property App\Controllers\DataSiswa::$ModelDataSiswa is deprecated in APPPATH\Controllers\DataSiswa.php on line 11.
 1 SYSTEMPATH\CodeIgniter.php(903): App\Controllers\DataSiswa->__construct()
 2 SYSTEMPATH\CodeIgniter.php(500): CodeIgniter\CodeIgniter->createController()
 3 SYSTEMPATH\CodeIgniter.php(355): CodeIgniter\CodeIgniter->handleRequest(null, Object(Config\Cache), false)
 4 SYSTEMPATH\Boot.php(325): CodeIgniter\CodeIgniter->run()
 5 SYSTEMPATH\Boot.php(67): CodeIgniter\Boot::runCodeIgniter(Object(CodeIgniter\CodeIgniter))
 6 FCPATH\index.php(56): CodeIgniter\Boot::bootWeb(Object(Config\Paths))
 7 SYSTEMPATH\rewrite.php(44): require_once('C:\\xampp\\htdocs\\siakad_CI4\\public\\index.php')
INFO - 2024-08-28 08:11:40 --> Session: Class initialized using 'CodeIgniter\Session\Handlers\FileHandler' driver.
INFO - 2024-08-28 08:11:41 --> Session: Class initialized using 'CodeIgniter\Session\Handlers\FileHandler' driver.
INFO - 2024-08-28 08:12:36 --> Session: Class initialized using 'CodeIgniter\Session\Handlers\FileHandler' driver.
WARNING - 2024-08-28 08:12:36 --> [DEPRECATED] Creation of dynamic property App\Controllers\DataSiswa::$ModelDataSiswa is deprecated in APPPATH\Controllers\DataSiswa.php on line 11.
 1 SYSTEMPATH\CodeIgniter.php(903): App\Controllers\DataSiswa->__construct()
 2 SYSTEMPATH\CodeIgniter.php(500): CodeIgniter\CodeIgniter->createController()
 3 SYSTEMPATH\CodeIgniter.php(355): CodeIgniter\CodeIgniter->handleRequest(null, Object(Config\Cache), false)
 4 SYSTEMPATH\Boot.php(325): CodeIgniter\CodeIgniter->run()
 5 SYSTEMPATH\Boot.php(67): CodeIgniter\Boot::runCodeIgniter(Object(CodeIgniter\CodeIgniter))
 6 FCPATH\index.php(56): CodeIgniter\Boot::bootWeb(Object(Config\Paths))
 7 SYSTEMPATH\rewrite.php(44): require_once('C:\\xampp\\htdocs\\siakad_CI4\\public\\index.php')
INFO - 2024-08-28 08:13:49 --> Session: Class initialized using 'CodeIgniter\Session\Handlers\FileHandler' driver.
WARNING - 2024-08-28 08:13:49 --> [DEPRECATED] Creation of dynamic property App\Controllers\DataSiswa::$ModelDataSiswa is deprecated in APPPATH\Controllers\DataSiswa.php on line 11.
 1 SYSTEMPATH\CodeIgniter.php(903): App\Controllers\DataSiswa->__construct()
 2 SYSTEMPATH\CodeIgniter.php(500): CodeIgniter\CodeIgniter->createController()
 3 SYSTEMPATH\CodeIgniter.php(355): CodeIgniter\CodeIgniter->handleRequest(null, Object(Config\Cache), false)
 4 SYSTEMPATH\Boot.php(325): CodeIgniter\CodeIgniter->run()
 5 SYSTEMPATH\Boot.php(67): CodeIgniter\Boot::runCodeIgniter(Object(CodeIgniter\CodeIgniter))
 6 FCPATH\index.php(56): CodeIgniter\Boot::bootWeb(Object(Config\Paths))
 7 SYSTEMPATH\rewrite.php(44): require_once('C:\\xampp\\htdocs\\siakad_CI4\\public\\index.php')
INFO - 2024-08-28 08:14:46 --> Session: Class initialized using 'CodeIgniter\Session\Handlers\FileHandler' driver.
WARNING - 2024-08-28 08:14:46 --> [DEPRECATED] Creation of dynamic property App\Controllers\DataSiswa::$ModelDataSiswa is deprecated in APPPATH\Controllers\DataSiswa.php on line 11.
 1 SYSTEMPATH\CodeIgniter.php(903): App\Controllers\DataSiswa->__construct()
 2 SYSTEMPATH\CodeIgniter.php(500): CodeIgniter\CodeIgniter->createController()
 3 SYSTEMPATH\CodeIgniter.php(355): CodeIgniter\CodeIgniter->handleRequest(null, Object(Config\Cache), false)
 4 SYSTEMPATH\Boot.php(325): CodeIgniter\CodeIgniter->run()
 5 SYSTEMPATH\Boot.php(67): CodeIgniter\Boot::runCodeIgniter(Object(CodeIgniter\CodeIgniter))
 6 FCPATH\index.php(56): CodeIgniter\Boot::bootWeb(Object(Config\Paths))
 7 SYSTEMPATH\rewrite.php(44): require_once('C:\\xampp\\htdocs\\siakad_CI4\\public\\index.php')
INFO - 2024-08-28 08:15:39 --> Session: Class initialized using 'CodeIgniter\Session\Handlers\FileHandler' driver.
WARNING - 2024-08-28 08:15:39 --> [DEPRECATED] Creation of dynamic property App\Controllers\DataSiswa::$ModelDataSiswa is deprecated in APPPATH\Controllers\DataSiswa.php on line 11.
 1 SYSTEMPATH\CodeIgniter.php(903): App\Controllers\DataSiswa->__construct()
 2 SYSTEMPATH\CodeIgniter.php(500): CodeIgniter\CodeIgniter->createController()
 3 SYSTEMPATH\CodeIgniter.php(355): CodeIgniter\CodeIgniter->handleRequest(null, Object(Config\Cache), false)
 4 SYSTEMPATH\Boot.php(325): CodeIgniter\CodeIgniter->run()
 5 SYSTEMPATH\Boot.php(67): CodeIgniter\Boot::runCodeIgniter(Object(CodeIgniter\CodeIgniter))
 6 FCPATH\index.php(56): CodeIgniter\Boot::bootWeb(Object(Config\Paths))
 7 SYSTEMPATH\rewrite.php(44): require_once('C:\\xampp\\htdocs\\siakad_CI4\\public\\index.php')
INFO - 2024-08-28 08:18:15 --> Session: Class initialized using 'CodeIgniter\Session\Handlers\FileHandler' driver.
WARNING - 2024-08-28 08:18:15 --> [DEPRECATED] Creation of dynamic property App\Controllers\DataSiswa::$ModelDataSiswa is deprecated in APPPATH\Controllers\DataSiswa.php on line 11.
 1 SYSTEMPATH\CodeIgniter.php(903): App\Controllers\DataSiswa->__construct()
 2 SYSTEMPATH\CodeIgniter.php(500): CodeIgniter\CodeIgniter->createController()
 3 SYSTEMPATH\CodeIgniter.php(355): CodeIgniter\CodeIgniter->handleRequest(null, Object(Config\Cache), false)
 4 SYSTEMPATH\Boot.php(325): CodeIgniter\CodeIgniter->run()
 5 SYSTEMPATH\Boot.php(67): CodeIgniter\Boot::runCodeIgniter(Object(CodeIgniter\CodeIgniter))
 6 FCPATH\index.php(56): CodeIgniter\Boot::bootWeb(Object(Config\Paths))
 7 SYSTEMPATH\rewrite.php(44): require_once('C:\\xampp\\htdocs\\siakad_CI4\\public\\index.php')
INFO - 2024-08-28 08:20:34 --> Session: Class initialized using 'CodeIgniter\Session\Handlers\FileHandler' driver.
WARNING - 2024-08-28 08:20:34 --> [DEPRECATED] Creation of dynamic property App\Controllers\DataSiswa::$ModelDataSiswa is deprecated in APPPATH\Controllers\DataSiswa.php on line 11.
 1 SYSTEMPATH\CodeIgniter.php(903): App\Controllers\DataSiswa->__construct()
 2 SYSTEMPATH\CodeIgniter.php(500): CodeIgniter\CodeIgniter->createController()
 3 SYSTEMPATH\CodeIgniter.php(355): CodeIgniter\CodeIgniter->handleRequest(null, Object(Config\Cache), false)
 4 SYSTEMPATH\Boot.php(325): CodeIgniter\CodeIgniter->run()
 5 SYSTEMPATH\Boot.php(67): CodeIgniter\Boot::runCodeIgniter(Object(CodeIgniter\CodeIgniter))
 6 FCPATH\index.php(56): CodeIgniter\Boot::bootWeb(Object(Config\Paths))
 7 SYSTEMPATH\rewrite.php(44): require_once('C:\\xampp\\htdocs\\siakad_CI4\\public\\index.php')
INFO - 2024-08-28 08:21:33 --> Session: Class initialized using 'CodeIgniter\Session\Handlers\FileHandler' driver.
WARNING - 2024-08-28 08:21:33 --> [DEPRECATED] Creation of dynamic property App\Controllers\DataSiswa::$ModelDataSiswa is deprecated in APPPATH\Controllers\DataSiswa.php on line 11.
 1 SYSTEMPATH\CodeIgniter.php(903): App\Controllers\DataSiswa->__construct()
 2 SYSTEMPATH\CodeIgniter.php(500): CodeIgniter\CodeIgniter->createController()
 3 SYSTEMPATH\CodeIgniter.php(355): CodeIgniter\CodeIgniter->handleRequest(null, Object(Config\Cache), false)
 4 SYSTEMPATH\Boot.php(325): CodeIgniter\CodeIgniter->run()
 5 SYSTEMPATH\Boot.php(67): CodeIgniter\Boot::runCodeIgniter(Object(CodeIgniter\CodeIgniter))
 6 FCPATH\index.php(56): CodeIgniter\Boot::bootWeb(Object(Config\Paths))
 7 SYSTEMPATH\rewrite.php(44): require_once('C:\\xampp\\htdocs\\siakad_CI4\\public\\index.php')
INFO - 2024-08-28 08:32:04 --> Session: Class initialized using 'CodeIgniter\Session\Handlers\FileHandler' driver.
WARNING - 2024-08-28 08:32:04 --> [DEPRECATED] Creation of dynamic property App\Controllers\DataSiswa::$ModelDataSiswa is deprecated in APPPATH\Controllers\DataSiswa.php on line 11.
 1 SYSTEMPATH\CodeIgniter.php(903): App\Controllers\DataSiswa->__construct()
 2 SYSTEMPATH\CodeIgniter.php(500): CodeIgniter\CodeIgniter->createController()
 3 SYSTEMPATH\CodeIgniter.php(355): CodeIgniter\CodeIgniter->handleRequest(null, Object(Config\Cache), false)
 4 SYSTEMPATH\Boot.php(325): CodeIgniter\CodeIgniter->run()
 5 SYSTEMPATH\Boot.php(67): CodeIgniter\Boot::runCodeIgniter(Object(CodeIgniter\CodeIgniter))
 6 FCPATH\index.php(56): CodeIgniter\Boot::bootWeb(Object(Config\Paths))
 7 SYSTEMPATH\rewrite.php(44): require_once('C:\\xampp\\htdocs\\siakad_CI4\\public\\index.php')
INFO - 2024-08-28 08:37:37 --> Session: Class initialized using 'CodeIgniter\Session\Handlers\FileHandler' driver.
WARNING - 2024-08-28 08:37:37 --> [DEPRECATED] Creation of dynamic property App\Controllers\DataSiswa::$ModelDataSiswa is deprecated in APPPATH\Controllers\DataSiswa.php on line 11.
 1 SYSTEMPATH\CodeIgniter.php(903): App\Controllers\DataSiswa->__construct()
 2 SYSTEMPATH\CodeIgniter.php(500): CodeIgniter\CodeIgniter->createController()
 3 SYSTEMPATH\CodeIgniter.php(355): CodeIgniter\CodeIgniter->handleRequest(null, Object(Config\Cache), false)
 4 SYSTEMPATH\Boot.php(325): CodeIgniter\CodeIgniter->run()
 5 SYSTEMPATH\Boot.php(67): CodeIgniter\Boot::runCodeIgniter(Object(CodeIgniter\CodeIgniter))
 6 FCPATH\index.php(56): CodeIgniter\Boot::bootWeb(Object(Config\Paths))
 7 SYSTEMPATH\rewrite.php(44): require_once('C:\\xampp\\htdocs\\siakad_CI4\\public\\index.php')
INFO - 2024-08-28 08:39:54 --> Session: Class initialized using 'CodeIgniter\Session\Handlers\FileHandler' driver.
WARNING - 2024-08-28 08:39:54 --> [DEPRECATED] Creation of dynamic property App\Controllers\DataSiswa::$ModelDataSiswa is deprecated in APPPATH\Controllers\DataSiswa.php on line 11.
 1 SYSTEMPATH\CodeIgniter.php(903): App\Controllers\DataSiswa->__construct()
 2 SYSTEMPATH\CodeIgniter.php(500): CodeIgniter\CodeIgniter->createController()
 3 SYSTEMPATH\CodeIgniter.php(355): CodeIgniter\CodeIgniter->handleRequest(null, Object(Config\Cache), false)
 4 SYSTEMPATH\Boot.php(325): CodeIgniter\CodeIgniter->run()
 5 SYSTEMPATH\Boot.php(67): CodeIgniter\Boot::runCodeIgniter(Object(CodeIgniter\CodeIgniter))
 6 FCPATH\index.php(56): CodeIgniter\Boot::bootWeb(Object(Config\Paths))
 7 SYSTEMPATH\rewrite.php(44): require_once('C:\\xampp\\htdocs\\siakad_CI4\\public\\index.php')
INFO - 2024-08-28 08:41:12 --> Session: Class initialized using 'CodeIgniter\Session\Handlers\FileHandler' driver.
WARNING - 2024-08-28 08:41:12 --> [DEPRECATED] Creation of dynamic property App\Controllers\DataSiswa::$ModelDataSiswa is deprecated in APPPATH\Controllers\DataSiswa.php on line 11.
 1 SYSTEMPATH\CodeIgniter.php(903): App\Controllers\DataSiswa->__construct()
 2 SYSTEMPATH\CodeIgniter.php(500): CodeIgniter\CodeIgniter->createController()
 3 SYSTEMPATH\CodeIgniter.php(355): CodeIgniter\CodeIgniter->handleRequest(null, Object(Config\Cache), false)
 4 SYSTEMPATH\Boot.php(325): CodeIgniter\CodeIgniter->run()
 5 SYSTEMPATH\Boot.php(67): CodeIgniter\Boot::runCodeIgniter(Object(CodeIgniter\CodeIgniter))
 6 FCPATH\index.php(56): CodeIgniter\Boot::bootWeb(Object(Config\Paths))
 7 SYSTEMPATH\rewrite.php(44): require_once('C:\\xampp\\htdocs\\siakad_CI4\\public\\index.php')
INFO - 2024-08-28 08:41:28 --> Session: Class initialized using 'CodeIgniter\Session\Handlers\FileHandler' driver.
INFO - 2024-08-28 08:41:33 --> Session: Class initialized using 'CodeIgniter\Session\Handlers\FileHandler' driver.
WARNING - 2024-08-28 08:41:33 --> [DEPRECATED] Creation of dynamic property App\Controllers\DataSiswa::$ModelDataSiswa is deprecated in APPPATH\Controllers\DataSiswa.php on line 11.
 1 SYSTEMPATH\CodeIgniter.php(903): App\Controllers\DataSiswa->__construct()
 2 SYSTEMPATH\CodeIgniter.php(500): CodeIgniter\CodeIgniter->createController()
 3 SYSTEMPATH\CodeIgniter.php(355): CodeIgniter\CodeIgniter->handleRequest(null, Object(Config\Cache), false)
 4 SYSTEMPATH\Boot.php(325): CodeIgniter\CodeIgniter->run()
 5 SYSTEMPATH\Boot.php(67): CodeIgniter\Boot::runCodeIgniter(Object(CodeIgniter\CodeIgniter))
 6 FCPATH\index.php(56): CodeIgniter\Boot::bootWeb(Object(Config\Paths))
 7 SYSTEMPATH\rewrite.php(44): require_once('C:\\xampp\\htdocs\\siakad_CI4\\public\\index.php')
INFO - 2024-08-28 08:51:52 --> Session: Class initialized using 'CodeIgniter\Session\Handlers\FileHandler' driver.
WARNING - 2024-08-28 08:51:52 --> [DEPRECATED] Creation of dynamic property App\Controllers\DataSiswa::$ModelDataSiswa is deprecated in APPPATH\Controllers\DataSiswa.php on line 11.
 1 SYSTEMPATH\CodeIgniter.php(903): App\Controllers\DataSiswa->__construct()
 2 SYSTEMPATH\CodeIgniter.php(500): CodeIgniter\CodeIgniter->createController()
 3 SYSTEMPATH\CodeIgniter.php(355): CodeIgniter\CodeIgniter->handleRequest(null, Object(Config\Cache), false)
 4 SYSTEMPATH\Boot.php(325): CodeIgniter\CodeIgniter->run()
 5 SYSTEMPATH\Boot.php(67): CodeIgniter\Boot::runCodeIgniter(Object(CodeIgniter\CodeIgniter))
 6 FCPATH\index.php(56): CodeIgniter\Boot::bootWeb(Object(Config\Paths))
 7 SYSTEMPATH\rewrite.php(44): require_once('C:\\xampp\\htdocs\\siakad_CI4\\public\\index.php')
INFO - 2024-08-28 08:53:14 --> Session: Class initialized using 'CodeIgniter\Session\Handlers\FileHandler' driver.
WARNING - 2024-08-28 08:53:14 --> [DEPRECATED] Creation of dynamic property App\Controllers\DataSiswa::$ModelDataSiswa is deprecated in APPPATH\Controllers\DataSiswa.php on line 11.
 1 SYSTEMPATH\CodeIgniter.php(903): App\Controllers\DataSiswa->__construct()
 2 SYSTEMPATH\CodeIgniter.php(500): CodeIgniter\CodeIgniter->createController()
 3 SYSTEMPATH\CodeIgniter.php(355): CodeIgniter\CodeIgniter->handleRequest(null, Object(Config\Cache), false)
 4 SYSTEMPATH\Boot.php(325): CodeIgniter\CodeIgniter->run()
 5 SYSTEMPATH\Boot.php(67): CodeIgniter\Boot::runCodeIgniter(Object(CodeIgniter\CodeIgniter))
 6 FCPATH\index.php(56): CodeIgniter\Boot::bootWeb(Object(Config\Paths))
 7 SYSTEMPATH\rewrite.php(44): require_once('C:\\xampp\\htdocs\\siakad_CI4\\public\\index.php')
INFO - 2024-08-28 08:53:52 --> Session: Class initialized using 'CodeIgniter\Session\Handlers\FileHandler' driver.
WARNING - 2024-08-28 08:53:52 --> [DEPRECATED] Creation of dynamic property App\Controllers\DataSiswa::$ModelDataSiswa is deprecated in APPPATH\Controllers\DataSiswa.php on line 11.
 1 SYSTEMPATH\CodeIgniter.php(903): App\Controllers\DataSiswa->__construct()
 2 SYSTEMPATH\CodeIgniter.php(500): CodeIgniter\CodeIgniter->createController()
 3 SYSTEMPATH\CodeIgniter.php(355): CodeIgniter\CodeIgniter->handleRequest(null, Object(Config\Cache), false)
 4 SYSTEMPATH\Boot.php(325): CodeIgniter\CodeIgniter->run()
 5 SYSTEMPATH\Boot.php(67): CodeIgniter\Boot::runCodeIgniter(Object(CodeIgniter\CodeIgniter))
 6 FCPATH\index.php(56): CodeIgniter\Boot::bootWeb(Object(Config\Paths))
 7 SYSTEMPATH\rewrite.php(44): require_once('C:\\xampp\\htdocs\\siakad_CI4\\public\\index.php')
INFO - 2024-08-28 08:57:46 --> Session: Class initialized using 'CodeIgniter\Session\Handlers\FileHandler' driver.
WARNING - 2024-08-28 08:57:47 --> [DEPRECATED] Creation of dynamic property App\Controllers\DataSiswa::$ModelDataSiswa is deprecated in APPPATH\Controllers\DataSiswa.php on line 11.
 1 SYSTEMPATH\CodeIgniter.php(903): App\Controllers\DataSiswa->__construct()
 2 SYSTEMPATH\CodeIgniter.php(500): CodeIgniter\CodeIgniter->createController()
 3 SYSTEMPATH\CodeIgniter.php(355): CodeIgniter\CodeIgniter->handleRequest(null, Object(Config\Cache), false)
 4 SYSTEMPATH\Boot.php(325): CodeIgniter\CodeIgniter->run()
 5 SYSTEMPATH\Boot.php(67): CodeIgniter\Boot::runCodeIgniter(Object(CodeIgniter\CodeIgniter))
 6 FCPATH\index.php(56): CodeIgniter\Boot::bootWeb(Object(Config\Paths))
 7 SYSTEMPATH\rewrite.php(44): require_once('C:\\xampp\\htdocs\\siakad_CI4\\public\\index.php')
INFO - 2024-08-28 09:00:45 --> Session: Class initialized using 'CodeIgniter\Session\Handlers\FileHandler' driver.
WARNING - 2024-08-28 09:00:45 --> [DEPRECATED] Creation of dynamic property App\Controllers\DataSiswa::$ModelDataSiswa is deprecated in APPPATH\Controllers\DataSiswa.php on line 11.
 1 SYSTEMPATH\CodeIgniter.php(903): App\Controllers\DataSiswa->__construct()
 2 SYSTEMPATH\CodeIgniter.php(500): CodeIgniter\CodeIgniter->createController()
 3 SYSTEMPATH\CodeIgniter.php(355): CodeIgniter\CodeIgniter->handleRequest(null, Object(Config\Cache), false)
 4 SYSTEMPATH\Boot.php(325): CodeIgniter\CodeIgniter->run()
 5 SYSTEMPATH\Boot.php(67): CodeIgniter\Boot::runCodeIgniter(Object(CodeIgniter\CodeIgniter))
 6 FCPATH\index.php(56): CodeIgniter\Boot::bootWeb(Object(Config\Paths))
 7 SYSTEMPATH\rewrite.php(44): require_once('C:\\xampp\\htdocs\\siakad_CI4\\public\\index.php')
INFO - 2024-08-28 09:01:55 --> Session: Class initialized using 'CodeIgniter\Session\Handlers\FileHandler' driver.
WARNING - 2024-08-28 09:01:55 --> [DEPRECATED] Creation of dynamic property App\Controllers\DataSiswa::$ModelDataSiswa is deprecated in APPPATH\Controllers\DataSiswa.php on line 11.
 1 SYSTEMPATH\CodeIgniter.php(903): App\Controllers\DataSiswa->__construct()
 2 SYSTEMPATH\CodeIgniter.php(500): CodeIgniter\CodeIgniter->createController()
 3 SYSTEMPATH\CodeIgniter.php(355): CodeIgniter\CodeIgniter->handleRequest(null, Object(Config\Cache), false)
 4 SYSTEMPATH\Boot.php(325): CodeIgniter\CodeIgniter->run()
 5 SYSTEMPATH\Boot.php(67): CodeIgniter\Boot::runCodeIgniter(Object(CodeIgniter\CodeIgniter))
 6 FCPATH\index.php(56): CodeIgniter\Boot::bootWeb(Object(Config\Paths))
 7 SYSTEMPATH\rewrite.php(44): require_once('C:\\xampp\\htdocs\\siakad_CI4\\public\\index.php')
INFO - 2024-08-28 09:02:36 --> Session: Class initialized using 'CodeIgniter\Session\Handlers\FileHandler' driver.
WARNING - 2024-08-28 09:02:36 --> [DEPRECATED] Creation of dynamic property App\Controllers\DataSiswa::$ModelDataSiswa is deprecated in APPPATH\Controllers\DataSiswa.php on line 11.
 1 SYSTEMPATH\CodeIgniter.php(903): App\Controllers\DataSiswa->__construct()
 2 SYSTEMPATH\CodeIgniter.php(500): CodeIgniter\CodeIgniter->createController()
 3 SYSTEMPATH\CodeIgniter.php(355): CodeIgniter\CodeIgniter->handleRequest(null, Object(Config\Cache), false)
 4 SYSTEMPATH\Boot.php(325): CodeIgniter\CodeIgniter->run()
 5 SYSTEMPATH\Boot.php(67): CodeIgniter\Boot::runCodeIgniter(Object(CodeIgniter\CodeIgniter))
 6 FCPATH\index.php(56): CodeIgniter\Boot::bootWeb(Object(Config\Paths))
 7 SYSTEMPATH\rewrite.php(44): require_once('C:\\xampp\\htdocs\\siakad_CI4\\public\\index.php')
INFO - 2024-08-28 09:05:08 --> Session: Class initialized using 'CodeIgniter\Session\Handlers\FileHandler' driver.
WARNING - 2024-08-28 09:05:08 --> [DEPRECATED] Creation of dynamic property App\Controllers\DataSiswa::$ModelDataSiswa is deprecated in APPPATH\Controllers\DataSiswa.php on line 11.
 1 SYSTEMPATH\CodeIgniter.php(903): App\Controllers\DataSiswa->__construct()
 2 SYSTEMPATH\CodeIgniter.php(500): CodeIgniter\CodeIgniter->createController()
 3 SYSTEMPATH\CodeIgniter.php(355): CodeIgniter\CodeIgniter->handleRequest(null, Object(Config\Cache), false)
 4 SYSTEMPATH\Boot.php(325): CodeIgniter\CodeIgniter->run()
 5 SYSTEMPATH\Boot.php(67): CodeIgniter\Boot::runCodeIgniter(Object(CodeIgniter\CodeIgniter))
 6 FCPATH\index.php(56): CodeIgniter\Boot::bootWeb(Object(Config\Paths))
 7 SYSTEMPATH\rewrite.php(44): require_once('C:\\xampp\\htdocs\\siakad_CI4\\public\\index.php')
INFO - 2024-08-28 09:06:00 --> Session: Class initialized using 'CodeIgniter\Session\Handlers\FileHandler' driver.
WARNING - 2024-08-28 09:06:00 --> [DEPRECATED] Creation of dynamic property App\Controllers\DataSiswa::$ModelDataSiswa is deprecated in APPPATH\Controllers\DataSiswa.php on line 11.
 1 SYSTEMPATH\CodeIgniter.php(903): App\Controllers\DataSiswa->__construct()
 2 SYSTEMPATH\CodeIgniter.php(500): CodeIgniter\CodeIgniter->createController()
 3 SYSTEMPATH\CodeIgniter.php(355): CodeIgniter\CodeIgniter->handleRequest(null, Object(Config\Cache), false)
 4 SYSTEMPATH\Boot.php(325): CodeIgniter\CodeIgniter->run()
 5 SYSTEMPATH\Boot.php(67): CodeIgniter\Boot::runCodeIgniter(Object(CodeIgniter\CodeIgniter))
 6 FCPATH\index.php(56): CodeIgniter\Boot::bootWeb(Object(Config\Paths))
 7 SYSTEMPATH\rewrite.php(44): require_once('C:\\xampp\\htdocs\\siakad_CI4\\public\\index.php')
INFO - 2024-08-28 09:07:08 --> Session: Class initialized using 'CodeIgniter\Session\Handlers\FileHandler' driver.
WARNING - 2024-08-28 09:07:08 --> [DEPRECATED] Creation of dynamic property App\Controllers\DataSiswa::$ModelDataSiswa is deprecated in APPPATH\Controllers\DataSiswa.php on line 11.
 1 SYSTEMPATH\CodeIgniter.php(903): App\Controllers\DataSiswa->__construct()
 2 SYSTEMPATH\CodeIgniter.php(500): CodeIgniter\CodeIgniter->createController()
 3 SYSTEMPATH\CodeIgniter.php(355): CodeIgniter\CodeIgniter->handleRequest(null, Object(Config\Cache), false)
 4 SYSTEMPATH\Boot.php(325): CodeIgniter\CodeIgniter->run()
 5 SYSTEMPATH\Boot.php(67): CodeIgniter\Boot::runCodeIgniter(Object(CodeIgniter\CodeIgniter))
 6 FCPATH\index.php(56): CodeIgniter\Boot::bootWeb(Object(Config\Paths))
 7 SYSTEMPATH\rewrite.php(44): require_once('C:\\xampp\\htdocs\\siakad_CI4\\public\\index.php')
INFO - 2024-08-28 09:07:53 --> Session: Class initialized using 'CodeIgniter\Session\Handlers\FileHandler' driver.
WARNING - 2024-08-28 09:07:53 --> [DEPRECATED] Creation of dynamic property App\Controllers\DataSiswa::$ModelDataSiswa is deprecated in APPPATH\Controllers\DataSiswa.php on line 11.
 1 SYSTEMPATH\CodeIgniter.php(903): App\Controllers\DataSiswa->__construct()
 2 SYSTEMPATH\CodeIgniter.php(500): CodeIgniter\CodeIgniter->createController()
 3 SYSTEMPATH\CodeIgniter.php(355): CodeIgniter\CodeIgniter->handleRequest(null, Object(Config\Cache), false)
 4 SYSTEMPATH\Boot.php(325): CodeIgniter\CodeIgniter->run()
 5 SYSTEMPATH\Boot.php(67): CodeIgniter\Boot::runCodeIgniter(Object(CodeIgniter\CodeIgniter))
 6 FCPATH\index.php(56): CodeIgniter\Boot::bootWeb(Object(Config\Paths))
 7 SYSTEMPATH\rewrite.php(44): require_once('C:\\xampp\\htdocs\\siakad_CI4\\public\\index.php')
INFO - 2024-08-28 09:08:11 --> Session: Class initialized using 'CodeIgniter\Session\Handlers\FileHandler' driver.
INFO - 2024-08-28 09:08:17 --> Session: Class initialized using 'CodeIgniter\Session\Handlers\FileHandler' driver.
INFO - 2024-08-28 09:19:06 --> Session: Class initialized using 'CodeIgniter\Session\Handlers\FileHandler' driver.
INFO - 2024-08-28 09:19:12 --> Session: Class initialized using 'CodeIgniter\Session\Handlers\FileHandler' driver.
WARNING - 2024-08-28 09:19:13 --> [DEPRECATED] Creation of dynamic property App\Controllers\DataSiswa::$ModelDataSiswa is deprecated in APPPATH\Controllers\DataSiswa.php on line 11.
 1 SYSTEMPATH\CodeIgniter.php(903): App\Controllers\DataSiswa->__construct()
 2 SYSTEMPATH\CodeIgniter.php(500): CodeIgniter\CodeIgniter->createController()
 3 SYSTEMPATH\CodeIgniter.php(355): CodeIgniter\CodeIgniter->handleRequest(null, Object(Config\Cache), false)
 4 SYSTEMPATH\Boot.php(325): CodeIgniter\CodeIgniter->run()
 5 SYSTEMPATH\Boot.php(67): CodeIgniter\Boot::runCodeIgniter(Object(CodeIgniter\CodeIgniter))
 6 FCPATH\index.php(56): CodeIgniter\Boot::bootWeb(Object(Config\Paths))
 7 SYSTEMPATH\rewrite.php(44): require_once('C:\\xampp\\htdocs\\siakad_CI4\\public\\index.php')
INFO - 2024-08-28 09:19:22 --> Session: Class initialized using 'CodeIgniter\Session\Handlers\FileHandler' driver.
INFO - 2024-08-28 09:19:24 --> Session: Class initialized using 'CodeIgniter\Session\Handlers\FileHandler' driver.
WARNING - 2024-08-28 09:19:24 --> [DEPRECATED] Creation of dynamic property App\Controllers\DataSiswa::$ModelDataSiswa is deprecated in APPPATH\Controllers\DataSiswa.php on line 11.
 1 SYSTEMPATH\CodeIgniter.php(903): App\Controllers\DataSiswa->__construct()
 2 SYSTEMPATH\CodeIgniter.php(500): CodeIgniter\CodeIgniter->createController()
 3 SYSTEMPATH\CodeIgniter.php(355): CodeIgniter\CodeIgniter->handleRequest(null, Object(Config\Cache), false)
 4 SYSTEMPATH\Boot.php(325): CodeIgniter\CodeIgniter->run()
 5 SYSTEMPATH\Boot.php(67): CodeIgniter\Boot::runCodeIgniter(Object(CodeIgniter\CodeIgniter))
 6 FCPATH\index.php(56): CodeIgniter\Boot::bootWeb(Object(Config\Paths))
 7 SYSTEMPATH\rewrite.php(44): require_once('C:\\xampp\\htdocs\\siakad_CI4\\public\\index.php')
